This file contains any messages produced by compilers while
running configure, to aid debugging if configure makes a mistake.

It was created by Conky configure 1.9.0, which was
generated by GNU Autoconf 2.59.  Invocation command line was

  $ ./configure --enable-imlib2 --enable-mpd --enable-rss --disable-config-output --disable-moc --disable-portmon --enable-lua --enable-lua-cairo --enable-lua-imlib2 --enable-curl --with-libiconv-prefix=/usr/local --with-gnu-ld=yes CPPFLAGS=-I/usr/local/include LDFLAGS=-L/usr/local/lib LUA_CFLAGS=-I/usr/local/include/lua-5.1 LUA_LIBS=-L/usr/local/lib -llua5.1 -lm --no-create --no-recursion

## --------- ##
## Platform. ##
## --------- ##

hostname = vanilla.kdump.me
uname -m = amd64
uname -r = 5.9
uname -s = OpenBSD
uname -v = GENERIC#1830

/usr/bin/uname -p = amd64
/bin/uname -X     = unknown

/bin/arch              = unknown
/usr/bin/arch -k       = OpenBSD.amd64
/usr/convex/getsysinfo = unknown
hostinfo               = unknown
/bin/machine           = unknown
/usr/bin/oslevel       = unknown
/bin/universe          = unknown

PATH: /home/acheng/bin
PATH: /bin
PATH: /sbin
PATH: /usr/bin
PATH: /usr/sbin
PATH: /usr/X11R6/bin
PATH: /usr/local/bin
PATH: /usr/local/sbin
PATH: /usr/games
PATH: .


## ----------- ##
## Core tests. ##
## ----------- ##

configure:1609: checking for a BSD-compatible install
configure:1664: result: /usr/bin/install -c
configure:1738: checking for gawk
configure:1767: result: no
configure:1738: checking for mawk
configure:1767: result: no
configure:1738: checking for nawk
configure:1767: result: no
configure:1738: checking for awk
configure:1754: found /usr/bin/awk
configure:1764: result: awk
configure:1774: checking whether make sets $(MAKE)
configure:1794: result: yes
configure:2033: checking for gcc
configure:2049: found /usr/bin/gcc
configure:2059: result: gcc
configure:2303: checking for C compiler version
configure:2306: gcc --version </dev/null >&5
gcc (GCC) 4.2.1 20070719 
Copyright (C) 2007 Free Software Foundation, Inc.
This is free software; see the source for copying conditions.  There is NO
warranty; not even for MERCHANTABILITY or FITNESS FOR A PARTICULAR PURPOSE.

configure:2309: $? = 0
configure:2311: gcc -v </dev/null >&5
Reading specs from /usr/lib/gcc-lib/amd64-unknown-openbsd5.9/4.2.1/specs
Target: amd64-unknown-openbsd5.9
Configured with: OpenBSD/amd64 system compiler
Thread model: posix
gcc version 4.2.1 20070719 
configure:2314: $? = 0
configure:2316: gcc -V </dev/null >&5
gcc: '-V' option must have argument
configure:2319: $? = 1
configure:2342: checking for C compiler default output file name
configure:2345: gcc  -I/usr/local/include -L/usr/local/lib conftest.c  >&5
configure:2348: $? = 0
configure:2394: result: a.out
configure:2399: checking whether the C compiler works
configure:2405: ./a.out
configure:2408: $? = 0
configure:2425: result: yes
configure:2432: checking whether we are cross compiling
configure:2434: result: no
configure:2437: checking for suffix of executables
configure:2439: gcc -o conftest  -I/usr/local/include -L/usr/local/lib conftest.c  >&5
configure:2442: $? = 0
configure:2467: result: 
configure:2473: checking for suffix of object files
configure:2494: gcc -c  -I/usr/local/include conftest.c >&5
configure:2497: $? = 0
configure:2519: result: o
configure:2523: checking whether we are using the GNU C compiler
configure:2547: gcc -c  -I/usr/local/include conftest.c >&5
configure:2553: $? = 0
configure:2557: test -z 
			 || test ! -s conftest.err
configure:2560: $? = 0
configure:2563: test -s conftest.o
configure:2566: $? = 0
configure:2579: result: yes
configure:2585: checking whether gcc accepts -g
configure:2606: gcc -c -g -I/usr/local/include conftest.c >&5
configure:2612: $? = 0
configure:2616: test -z 
			 || test ! -s conftest.err
configure:2619: $? = 0
configure:2622: test -s conftest.o
configure:2625: $? = 0
configure:2636: result: yes
configure:2653: checking for gcc option to accept ANSI C
configure:2723: gcc  -c  -I/usr/local/include conftest.c >&5
configure:2729: $? = 0
configure:2733: test -z 
			 || test ! -s conftest.err
configure:2736: $? = 0
configure:2739: test -s conftest.o
configure:2742: $? = 0
configure:2760: result: none needed
configure:2778: gcc -c  -I/usr/local/include conftest.c >&5
conftest.c:2: error: expected '=', ',', ';', 'asm' or '__attribute__' before 'me'
configure:2784: $? = 1
configure: failed program was:
| #ifndef __cplusplus
|   choke me
| #endif
configure:2928: checking for style of include used by make
configure:2956: result: GNU
configure:2984: checking dependency style of gcc
configure:3074: result: gcc3
configure:3097: checking build system type
configure:3115: result: x86_64-unknown-openbsd5.9
configure:3123: checking host system type
configure:3137: result: x86_64-unknown-openbsd5.9
configure:3145: checking for a sed that does not truncate output
configure:3201: result: /usr/local/bin/gsed
configure:3217: checking for egrep
configure:3227: result: grep -E
configure:3232: checking for fgrep
configure:3242: result: grep -F
configure:3269: checking how to print strings
configure:3298: result: print -r
configure:3329: checking for ld used by gcc
configure:3396: result: /usr/bin/ld
configure:3405: checking if the linker (/usr/bin/ld) is GNU ld
configure:3420: result: yes
configure:3445: checking for a BSD-compatible install
configure:3500: result: /usr/bin/install -c
configure:3553: checking for BSD- or MS-compatible name lister (nm)
configure:3602: result: /usr/bin/nm -B
configure:3719: checking the name lister (/usr/bin/nm -B) interface
configure:3726: gcc -c  -I/usr/local/include conftest.c >&5
configure:3729: /usr/bin/nm -B "conftest.o"
configure:3732: output
00000000 F conftest.c
00000000 D some_variable
configure:3739: result: BSD nm
configure:3742: checking whether ln -s works
configure:3746: result: yes
configure:3754: checking the maximum length of command line arguments
configure:3884: result: 196608
configure:3901: checking whether the shell understands some XSI constructs
configure:3911: result: yes
configure:3915: checking whether the shell understands "+="
configure:3921: result: no
configure:3956: checking how to convert x86_64-unknown-openbsd5.9 file names to x86_64-unknown-openbsd5.9 format
configure:3996: result: func_convert_file_noop
configure:4003: checking how to convert x86_64-unknown-openbsd5.9 file names to toolchain format
configure:4023: result: func_convert_file_noop
configure:4030: checking for /usr/bin/ld option to reload object files
configure:4037: result: -r
configure:4109: checking for objdump
configure:4125: found /usr/bin/objdump
configure:4136: result: objdump
configure:4158: checking how to recognize dependent libraries
configure:4360: result: match_pattern /lib[^/]+(\.so\.[0-9]+\.[0-9]+|\.so|_pic\.a)$
configure:4443: checking for dlltool
configure:4470: result: false
configure:4493: checking how to associate runtime and link libraries
configure:4520: result: print -r --
configure:4579: checking for ar
configure:4595: found /usr/bin/ar
configure:4605: result: ar
configure:4632: checking for archiver @FILE support
configure:4654: gcc -c  -I/usr/local/include conftest.c >&5
configure:4660: $? = 0
configure:4664: test -z 
			 || test ! -s conftest.err
configure:4667: $? = 0
configure:4670: test -s conftest.o
configure:4673: $? = 0
configure:4677: ar cru libconftest.a @conftest.lst >&5
configure:4680: $? = 0
configure:4685: ar cru libconftest.a @conftest.lst >&5
ar: conftest.o: No such file or directory
configure:4688: $? = 1
configure:4704: result: @
configure:4760: checking for strip
configure:4776: found /usr/bin/strip
configure:4787: result: strip
configure:4847: checking for ranlib
configure:4863: found /usr/bin/ranlib
configure:4874: result: ranlib
configure:4966: checking command to parse /usr/bin/nm -B output from gcc object
configure:5086: gcc -c  -I/usr/local/include conftest.c >&5
configure:5089: $? = 0
configure:5093: /usr/bin/nm -B conftest.o \| sed -n -e 's/^.*[ ]\([BCDEGRST][BCDEGRST]*\)[ ][ ]*\([_A-Za-z][_A-Za-z0-9]*\)$/\1 \2 \2/p' | sed '/ __gnu_lto/d' \> conftest.nm
configure:5096: $? = 0
configure:5162: gcc -o conftest  -I/usr/local/include -L/usr/local/lib conftest.c conftstm.o >&5
configure:5165: $? = 0
configure:5203: result: ok
configure:5240: checking for sysroot
configure:5272: result: no
configure:5554: checking for mt
configure:5570: found /bin/mt
configure:5581: result: mt
configure:5594: checking if mt is a manifest tool
configure:5600: mt '-?'
mt: unknown option -- ?
usage: mt [-f device] command [count]
configure:5608: result: no
configure:6218: checking how to run the C preprocessor
configure:6253: gcc -E -I/usr/local/include conftest.c
configure:6259: $? = 0
configure:6291: gcc -E -I/usr/local/include conftest.c
conftest.c:12:28: error: ac_nonexistent.h: No such file or directory
configure:6297: $? = 1
configure: failed program was:
| /* confdefs.h.  */
| 
| #define PACKAGE_NAME "Conky"
| #define PACKAGE_TARNAME "conky"
| #define PACKAGE_VERSION "1.9.0"
| #define PACKAGE_STRING "Conky 1.9.0"
| #define PACKAGE_BUGREPORT "brenden1@users.sourceforge.net"
| #define PACKAGE "conky"
| #define VERSION "1.9.0"
| #define _GNU_SOURCE
| /* end confdefs.h.  */
| #include <ac_nonexistent.h>
configure:6336: result: gcc -E
configure:6360: gcc -E -I/usr/local/include conftest.c
configure:6366: $? = 0
configure:6398: gcc -E -I/usr/local/include conftest.c
conftest.c:12:28: error: ac_nonexistent.h: No such file or directory
configure:6404: $? = 1
configure: failed program was:
| /* confdefs.h.  */
| 
| #define PACKAGE_NAME "Conky"
| #define PACKAGE_TARNAME "conky"
| #define PACKAGE_VERSION "1.9.0"
| #define PACKAGE_STRING "Conky 1.9.0"
| #define PACKAGE_BUGREPORT "brenden1@users.sourceforge.net"
| #define PACKAGE "conky"
| #define VERSION "1.9.0"
| #define _GNU_SOURCE
| /* end confdefs.h.  */
| #include <ac_nonexistent.h>
configure:6448: checking for ANSI C header files
configure:6473: gcc -c  -I/usr/local/include conftest.c >&5
configure:6479: $? = 0
configure:6483: test -z 
			 || test ! -s conftest.err
configure:6486: $? = 0
configure:6489: test -s conftest.o
configure:6492: $? = 0
configure:6581: gcc -o conftest  -I/usr/local/include -L/usr/local/lib conftest.c  >&5
conftest.c: In function 'main':
conftest.c:29: warning: incompatible implicit declaration of built-in function 'exit'
configure:6584: $? = 0
configure:6586: ./conftest
configure:6589: $? = 0
configure:6604: result: yes
configure:6628: checking for sys/types.h
configure:6644: gcc -c  -I/usr/local/include conftest.c >&5
configure:6650: $? = 0
configure:6654: test -z 
			 || test ! -s conftest.err
configure:6657: $? = 0
configure:6660: test -s conftest.o
configure:6663: $? = 0
configure:6674: result: yes
configure:6628: checking for sys/stat.h
configure:6644: gcc -c  -I/usr/local/include conftest.c >&5
configure:6650: $? = 0
configure:6654: test -z 
			 || test ! -s conftest.err
configure:6657: $? = 0
configure:6660: test -s conftest.o
configure:6663: $? = 0
configure:6674: result: yes
configure:6628: checking for stdlib.h
configure:6644: gcc -c  -I/usr/local/include conftest.c >&5
configure:6650: $? = 0
configure:6654: test -z 
			 || test ! -s conftest.err
configure:6657: $? = 0
configure:6660: test -s conftest.o
configure:6663: $? = 0
configure:6674: result: yes
configure:6628: checking for string.h
configure:6644: gcc -c  -I/usr/local/include conftest.c >&5
configure:6650: $? = 0
configure:6654: test -z 
			 || test ! -s conftest.err
configure:6657: $? = 0
configure:6660: test -s conftest.o
configure:6663: $? = 0
configure:6674: result: yes
configure:6628: checking for memory.h
configure:6644: gcc -c  -I/usr/local/include conftest.c >&5
configure:6650: $? = 0
configure:6654: test -z 
			 || test ! -s conftest.err
configure:6657: $? = 0
configure:6660: test -s conftest.o
configure:6663: $? = 0
configure:6674: result: yes
configure:6628: checking for strings.h
configure:6644: gcc -c  -I/usr/local/include conftest.c >&5
configure:6650: $? = 0
configure:6654: test -z 
			 || test ! -s conftest.err
configure:6657: $? = 0
configure:6660: test -s conftest.o
configure:6663: $? = 0
configure:6674: result: yes
configure:6628: checking for inttypes.h
configure:6644: gcc -c  -I/usr/local/include conftest.c >&5
configure:6650: $? = 0
configure:6654: test -z 
			 || test ! -s conftest.err
configure:6657: $? = 0
configure:6660: test -s conftest.o
configure:6663: $? = 0
configure:6674: result: yes
configure:6628: checking for stdint.h
configure:6644: gcc -c  -I/usr/local/include conftest.c >&5
configure:6650: $? = 0
configure:6654: test -z 
			 || test ! -s conftest.err
configure:6657: $? = 0
configure:6660: test -s conftest.o
configure:6663: $? = 0
configure:6674: result: yes
configure:6628: checking for unistd.h
configure:6644: gcc -c  -I/usr/local/include conftest.c >&5
configure:6650: $? = 0
configure:6654: test -z 
			 || test ! -s conftest.err
configure:6657: $? = 0
configure:6660: test -s conftest.o
configure:6663: $? = 0
configure:6674: result: yes
configure:6690: checking for dlfcn.h
configure:6706: gcc -c  -I/usr/local/include conftest.c >&5
configure:6712: $? = 0
configure:6716: test -z 
			 || test ! -s conftest.err
configure:6719: $? = 0
configure:6722: test -s conftest.o
configure:6725: $? = 0
configure:6736: result: yes
configure:6942: checking for objdir
configure:6957: result: .libs
configure:7228: checking if gcc supports -fno-rtti -fno-exceptions
configure:7246: gcc -c  -I/usr/local/include -fno-rtti -fno-exceptions conftest.c >&5
cc1: warning: command line option "-fno-rtti" is valid for C++/ObjC++ but not for C
configure:7250: $? = 0
configure:7263: result: no
configure:7590: checking for gcc option to produce PIC
configure:7597: result: -fPIC -DPIC
configure:7605: checking if gcc PIC flag -fPIC -DPIC works
configure:7623: gcc -c  -I/usr/local/include -fPIC -DPIC -DPIC conftest.c >&5
configure:7627: $? = 0
configure:7640: result: yes
configure:7669: checking if gcc static flag -static works
configure:7697: result: yes
configure:7712: checking if gcc supports -c -o file.o
configure:7733: gcc -c  -I/usr/local/include -o out/conftest2.o conftest.c >&5
configure:7737: $? = 0
configure:7759: result: yes
configure:7767: checking if gcc supports -c -o file.o
configure:7814: result: yes
configure:7847: checking whether the gcc linker (/usr/bin/ld) supports shared libraries
configure:9086: result: yes
configure:9123: checking whether -lc should be explicitly linked in
configure:9131: gcc -c  -I/usr/local/include conftest.c >&5
configure:9134: $? = 0
configure:9149: gcc -shared  -fPIC -DPIC -o conftest conftest.o  -v 2\>\&1 \| grep  -lc  \>/dev/null 2\>\&1
configure:9152: $? = 1
configure:9166: result: yes
configure:9326: checking dynamic linker characteristics
configure:10089: result: openbsd5.9 ld.so
configure:10196: checking how to hardcode library paths into programs
configure:10221: result: immediate
configure:11079: checking whether stripping libraries is possible
configure:11084: result: yes
configure:11119: checking if libtool supports shared libraries
configure:11121: result: yes
configure:11124: checking whether to build shared libraries
configure:11145: result: yes
configure:11148: checking whether to build static libraries
configure:11152: result: yes
configure:11191: checking whether gcc and cc understand -c and -o together
configure:11221: gcc -c conftest.c -o conftest.o >&5
configure:11224: $? = 0
configure:11226: gcc -c conftest.c -o conftest.o >&5
configure:11229: $? = 0
configure:11236: cc -c conftest.c >&5
configure:11239: $? = 0
configure:11242: cc -c conftest.c -o conftest.o >&5
configure:11245: $? = 0
configure:11247: cc -c conftest.c -o conftest.o >&5
configure:11250: $? = 0
configure:11268: result: yes
configure:11296: checking for pkg-config
configure:11312: found /usr/bin/pkg-config
configure:11323: result: yes
configure:11383: checking for pkg-config
configure:11401: found /usr/bin/pkg-config
configure:11413: result: /usr/bin/pkg-config
configure:11428: checking pkg-config is at least version 0.19
configure:11431: result: yes
configure:11804: checking ncurses.h usability
configure:11816: gcc -c  -I/usr/local/include conftest.c >&5
configure:11822: $? = 0
configure:11826: test -z 
			 || test ! -s conftest.err
configure:11829: $? = 0
configure:11832: test -s conftest.o
configure:11835: $? = 0
configure:11845: result: yes
configure:11849: checking ncurses.h presence
configure:11859: gcc -E -I/usr/local/include conftest.c
configure:11865: $? = 0
configure:11885: result: yes
configure:11920: checking for ncurses.h
configure:11927: result: yes
configure:12727: hddtemp not supported on OpenBSD... disabling
configure:12751: apcupsd not supported on OpenBSD... disabling
configure:12785: iostats not supported on OpenBSD... disabling
configure:13193: checking for X11
configure:13201: $PKG_CONFIG --exists --print-errors "x11"
configure:13204: $? = 0
configure:13219: $PKG_CONFIG --exists --print-errors "x11"
configure:13222: $? = 0
configure:13298: result: yes
configure:14835: checking for Imlib2
configure:14843: $PKG_CONFIG --exists --print-errors "imlib2"
configure:14846: $? = 0
configure:14861: $PKG_CONFIG --exists --print-errors "imlib2"
configure:14864: $? = 0
configure:14940: result: yes
configure:14998: checking for LUA
configure:15655: result: yes
configure:15674: checking for cairo
configure:15682: $PKG_CONFIG --exists --print-errors "cairo"
configure:15685: $? = 0
configure:15700: $PKG_CONFIG --exists --print-errors "cairo"
configure:15703: $? = 0
configure:15779: result: yes
configure:15785: checking for cairo_xlib
configure:15793: $PKG_CONFIG --exists --print-errors "cairo-xlib"
configure:15796: $? = 0
configure:15811: $PKG_CONFIG --exists --print-errors "cairo-xlib"
configure:15814: $? = 0
configure:15890: result: yes
configure:15914: checking for tolua++
configure:15930: found /usr/local/bin/tolua++
configure:15940: result: tolua++
configure:15956: checking for library containing tolua_error
configure:15986: gcc -o conftest  -I/usr/local/include -L/usr/local/lib conftest.c  >&5
/tmp//cc8CVAUo.o: In function `main':
conftest.c:(.text+0xe): undefined reference to `tolua_error'
collect2: ld returned 1 exit status
configure:15992: $? = 1
configure: failed program was:
| /* confdefs.h.  */
| 
| #define PACKAGE_NAME "Conky"
| #define PACKAGE_TARNAME "conky"
| #define PACKAGE_VERSION "1.9.0"
| #define PACKAGE_STRING "Conky 1.9.0"
| #define PACKAGE_BUGREPORT "brenden1@users.sourceforge.net"
| #define PACKAGE "conky"
| #define VERSION "1.9.0"
| #define _GNU_SOURCE
| #define STDC_HEADERS 1
| #define HAVE_SYS_TYPES_H 1
| #define HAVE_SYS_STAT_H 1
| #define HAVE_STDLIB_H 1
| #define HAVE_STRING_H 1
| #define HAVE_MEMORY_H 1
| #define HAVE_STRINGS_H 1
| #define HAVE_INTTYPES_H 1
| #define HAVE_STDINT_H 1
| #define HAVE_UNISTD_H 1
| #define HAVE_DLFCN_H 1
| #define LT_OBJDIR ".libs/"
| #define OWN_WINDOW 1
| #define NCURSES 1
| #define HAVE_NCURSES_H 1
| #define MATH 1
| #define MPD 1
| #define RSS 1
| #define X11 1
| #define USE_ARGB 1
| #define IMLIB2 1
| #define LUA_EXTRAS 1
| #define HAVE_LUA_CAIRO 1
| #define HAVE_LUA_IMLIB2 1
| /* end confdefs.h.  */
| 
| /* Override any gcc2 internal prototype to avoid an error.  */
| #ifdef __cplusplus
| extern "C"
| #endif
| /* We use char because int might match the return type of a gcc2
|    builtin and then its argument prototype would still apply.  */
| char tolua_error ();
| int
| main ()
| {
| tolua_error ();
|   ;
|   return 0;
| }
configure:16041: gcc -o conftest  -I/usr/local/include -L/usr/local/lib conftest.c -ltolua++-5.1 -L/usr/local/lib -llua5.1 -lm   >&5
/usr/bin/ld: cannot find -ltolua++-5.1
collect2: ld returned 1 exit status
configure:16047: $? = 1
configure: failed program was:
| /* confdefs.h.  */
| 
| #define PACKAGE_NAME "Conky"
| #define PACKAGE_TARNAME "conky"
| #define PACKAGE_VERSION "1.9.0"
| #define PACKAGE_STRING "Conky 1.9.0"
| #define PACKAGE_BUGREPORT "brenden1@users.sourceforge.net"
| #define PACKAGE "conky"
| #define VERSION "1.9.0"
| #define _GNU_SOURCE
| #define STDC_HEADERS 1
| #define HAVE_SYS_TYPES_H 1
| #define HAVE_SYS_STAT_H 1
| #define HAVE_STDLIB_H 1
| #define HAVE_STRING_H 1
| #define HAVE_MEMORY_H 1
| #define HAVE_STRINGS_H 1
| #define HAVE_INTTYPES_H 1
| #define HAVE_STDINT_H 1
| #define HAVE_UNISTD_H 1
| #define HAVE_DLFCN_H 1
| #define LT_OBJDIR ".libs/"
| #define OWN_WINDOW 1
| #define NCURSES 1
| #define HAVE_NCURSES_H 1
| #define MATH 1
| #define MPD 1
| #define RSS 1
| #define X11 1
| #define USE_ARGB 1
| #define IMLIB2 1
| #define LUA_EXTRAS 1
| #define HAVE_LUA_CAIRO 1
| #define HAVE_LUA_IMLIB2 1
| /* end confdefs.h.  */
| 
| /* Override any gcc2 internal prototype to avoid an error.  */
| #ifdef __cplusplus
| extern "C"
| #endif
| /* We use char because int might match the return type of a gcc2
|    builtin and then its argument prototype would still apply.  */
| char tolua_error ();
| int
| main ()
| {
| tolua_error ();
|   ;
|   return 0;
| }
configure:16041: gcc -o conftest  -I/usr/local/include -L/usr/local/lib conftest.c -ltolua++ -L/usr/local/lib -llua5.1 -lm   >&5
/usr/local/lib/liblua5.1.so.5.1: warning: warning: strcpy() is almost always misused, please use strlcpy()
/usr/local/lib/liblua5.1.so.5.1: warning: warning: rand() may return deterministic values, is that what you want?
/usr/local/lib/liblua5.1.so.5.1: warning: warning: strcat() is almost always misused, please use strlcat()
/usr/local/lib/liblua5.1.so.5.1: warning: warning: sprintf() is often misused, please use snprintf()
configure:16047: $? = 0
configure:16051: test -z 
			 || test ! -s conftest.err
configure:16054: $? = 0
configure:16057: test -s conftest
configure:16060: $? = 0
configure:16075: result: -ltolua++
configure:16682: WARNING: Could not find libiconv
configure:16714: checking for Xext
configure:16722: $PKG_CONFIG --exists --print-errors "xext"
configure:16725: $? = 0
configure:16740: $PKG_CONFIG --exists --print-errors "xext"
configure:16743: $? = 0
configure:16819: result: yes
configure:16924: checking for XDamage
configure:16932: $PKG_CONFIG --exists --print-errors "xdamage"
configure:16935: $? = 0
configure:16950: $PKG_CONFIG --exists --print-errors "xdamage"
configure:16953: $? = 0
configure:17029: result: yes
configure:17133: checking for Xft
configure:17141: $PKG_CONFIG --exists --print-errors "xft"
configure:17144: $? = 0
configure:17159: $PKG_CONFIG --exists --print-errors "xft"
configure:17162: $? = 0
configure:17238: result: yes
configure:17442: checking for GLib2
configure:17450: $PKG_CONFIG --exists --print-errors "glib-2.0"
configure:17453: $? = 0
configure:17468: $PKG_CONFIG --exists --print-errors "glib-2.0"
configure:17471: $? = 0
configure:17547: result: yes
configure:17559: checking for libcurl
configure:17567: $PKG_CONFIG --exists --print-errors "libcurl"
configure:17570: $? = 0
configure:17585: $PKG_CONFIG --exists --print-errors "libcurl"
configure:17588: $? = 0
configure:17664: result: yes
configure:17691: checking for libxml2
configure:17699: $PKG_CONFIG --exists --print-errors "libxml-2.0"
configure:17702: $? = 0
configure:17717: $PKG_CONFIG --exists --print-errors "libxml-2.0"
configure:17720: $? = 0
configure:17796: result: yes
configure:17806: checking for kvm_open in -lkvm
configure:17836: gcc -o conftest  -I/usr/local/include -L/usr/local/lib conftest.c -lkvm  -ltolua++  >&5
/usr/local/lib/liblua.so: warning: warning: strcpy() is almost always misused, please use strlcpy()
/usr/local/lib/liblua.so: warning: warning: strcat() is almost always misused, please use strlcat()
/usr/local/lib/liblua.so: warning: warning: rand() may return deterministic values, is that what you want?
/usr/local/lib/liblua.so: warning: warning: sprintf() is often misused, please use snprintf()
configure:17842: $? = 0
configure:17846: test -z 
			 || test ! -s conftest.err
configure:17849: $? = 0
configure:17852: test -s conftest
configure:17855: $? = 0
configure:17868: result: yes
configure:18037: checking for _oss_ioctl in -lossaudio
configure:18067: gcc -o conftest  -I/usr/local/include -L/usr/local/lib conftest.c -lossaudio  -ltolua++  >&5
/usr/local/lib/liblua.so: warning: warning: strcpy() is almost always misused, please use strlcpy()
/usr/local/lib/liblua.so: warning: warning: strcat() is almost always misused, please use strlcat()
/usr/local/lib/liblua.so: warning: warning: rand() may return deterministic values, is that what you want?
/usr/local/lib/liblua.so: warning: warning: sprintf() is often misused, please use snprintf()
configure:18073: $? = 0
configure:18077: test -z 
			 || test ! -s conftest.err
configure:18080: $? = 0
configure:18083: test -s conftest
configure:18086: $? = 0
configure:18099: result: yes
configure:18131: checking alsa/asoundlib.h usability
configure:18143: gcc -c  -I/usr/local/include conftest.c >&5
conftest.c:75:28: error: alsa/asoundlib.h: No such file or directory
configure:18149: $? = 1
configure: failed program was:
| /* confdefs.h.  */
| 
| #define PACKAGE_NAME "Conky"
| #define PACKAGE_TARNAME "conky"
| #define PACKAGE_VERSION "1.9.0"
| #define PACKAGE_STRING "Conky 1.9.0"
| #define PACKAGE_BUGREPORT "brenden1@users.sourceforge.net"
| #define PACKAGE "conky"
| #define VERSION "1.9.0"
| #define _GNU_SOURCE
| #define STDC_HEADERS 1
| #define HAVE_SYS_TYPES_H 1
| #define HAVE_SYS_STAT_H 1
| #define HAVE_STDLIB_H 1
| #define HAVE_STRING_H 1
| #define HAVE_MEMORY_H 1
| #define HAVE_STRINGS_H 1
| #define HAVE_INTTYPES_H 1
| #define HAVE_STDINT_H 1
| #define HAVE_UNISTD_H 1
| #define HAVE_DLFCN_H 1
| #define LT_OBJDIR ".libs/"
| #define OWN_WINDOW 1
| #define NCURSES 1
| #define HAVE_NCURSES_H 1
| #define MATH 1
| #define MPD 1
| #define RSS 1
| #define X11 1
| #define USE_ARGB 1
| #define IMLIB2 1
| #define LUA_EXTRAS 1
| #define HAVE_LUA_CAIRO 1
| #define HAVE_LUA_IMLIB2 1
| #define HAVE_LUA 1
| #define HAVE_XDBE 1
| #define HAVE_XDAMAGE 1
| #define XFT 1
| #define HAVE_CURL 1
| /* end confdefs.h.  */
| #include <stdio.h>
| #if HAVE_SYS_TYPES_H
| # include <sys/types.h>
| #endif
| #if HAVE_SYS_STAT_H
| # include <sys/stat.h>
| #endif
| #if STDC_HEADERS
| # include <stdlib.h>
| # include <stddef.h>
| #else
| # if HAVE_STDLIB_H
| #  include <stdlib.h>
| # endif
| #endif
| #if HAVE_STRING_H
| # if !STDC_HEADERS && HAVE_MEMORY_H
| #  include <memory.h>
| # endif
| # include <string.h>
| #endif
| #if HAVE_STRINGS_H
| # include <strings.h>
| #endif
| #if HAVE_INTTYPES_H
| # include <inttypes.h>
| #else
| # if HAVE_STDINT_H
| #  include <stdint.h>
| # endif
| #endif
| #if HAVE_UNISTD_H
| # include <unistd.h>
| #endif
| #include <alsa/asoundlib.h>
configure:18172: result: no
configure:18176: checking alsa/asoundlib.h presence
configure:18186: gcc -E -I/usr/local/include conftest.c
conftest.c:41:28: error: alsa/asoundlib.h: No such file or directory
configure:18192: $? = 1
configure: failed program was:
| /* confdefs.h.  */
| 
| #define PACKAGE_NAME "Conky"
| #define PACKAGE_TARNAME "conky"
| #define PACKAGE_VERSION "1.9.0"
| #define PACKAGE_STRING "Conky 1.9.0"
| #define PACKAGE_BUGREPORT "brenden1@users.sourceforge.net"
| #define PACKAGE "conky"
| #define VERSION "1.9.0"
| #define _GNU_SOURCE
| #define STDC_HEADERS 1
| #define HAVE_SYS_TYPES_H 1
| #define HAVE_SYS_STAT_H 1
| #define HAVE_STDLIB_H 1
| #define HAVE_STRING_H 1
| #define HAVE_MEMORY_H 1
| #define HAVE_STRINGS_H 1
| #define HAVE_INTTYPES_H 1
| #define HAVE_STDINT_H 1
| #define HAVE_UNISTD_H 1
| #define HAVE_DLFCN_H 1
| #define LT_OBJDIR ".libs/"
| #define OWN_WINDOW 1
| #define NCURSES 1
| #define HAVE_NCURSES_H 1
| #define MATH 1
| #define MPD 1
| #define RSS 1
| #define X11 1
| #define USE_ARGB 1
| #define IMLIB2 1
| #define LUA_EXTRAS 1
| #define HAVE_LUA_CAIRO 1
| #define HAVE_LUA_IMLIB2 1
| #define HAVE_LUA 1
| #define HAVE_XDBE 1
| #define HAVE_XDAMAGE 1
| #define XFT 1
| #define HAVE_CURL 1
| /* end confdefs.h.  */
| #include <alsa/asoundlib.h>
configure:18212: result: no
configure:18247: checking for alsa/asoundlib.h
configure:18254: result: no
configure:18368: checking signal.h usability
configure:18380: gcc -c  -I/usr/local/include conftest.c >&5
configure:18386: $? = 0
configure:18390: test -z 
			 || test ! -s conftest.err
configure:18393: $? = 0
configure:18396: test -s conftest.o
configure:18399: $? = 0
configure:18409: result: yes
configure:18413: checking signal.h presence
configure:18423: gcc -E -I/usr/local/include conftest.c
configure:18429: $? = 0
configure:18449: result: yes
configure:18484: checking for signal.h
configure:18491: result: yes
configure:18359: checking for unistd.h
configure:18364: result: yes
configure:18368: checking sys/utsname.h usability
configure:18380: gcc -c  -I/usr/local/include conftest.c >&5
configure:18386: $? = 0
configure:18390: test -z 
			 || test ! -s conftest.err
configure:18393: $? = 0
configure:18396: test -s conftest.o
configure:18399: $? = 0
configure:18409: result: yes
configure:18413: checking sys/utsname.h presence
configure:18423: gcc -E -I/usr/local/include conftest.c
configure:18429: $? = 0
configure:18449: result: yes
configure:18484: checking for sys/utsname.h
configure:18491: result: yes
configure:18359: checking for sys/stat.h
configure:18364: result: yes
configure:18368: checking linux/soundcard.h usability
configure:18380: gcc -c  -I/usr/local/include conftest.c >&5
conftest.c:79:29: error: linux/soundcard.h: No such file or directory
configure:18386: $? = 1
configure: failed program was:
| /* confdefs.h.  */
| 
| #define PACKAGE_NAME "Conky"
| #define PACKAGE_TARNAME "conky"
| #define PACKAGE_VERSION "1.9.0"
| #define PACKAGE_STRING "Conky 1.9.0"
| #define PACKAGE_BUGREPORT "brenden1@users.sourceforge.net"
| #define PACKAGE "conky"
| #define VERSION "1.9.0"
| #define _GNU_SOURCE
| #define STDC_HEADERS 1
| #define HAVE_SYS_TYPES_H 1
| #define HAVE_SYS_STAT_H 1
| #define HAVE_STDLIB_H 1
| #define HAVE_STRING_H 1
| #define HAVE_MEMORY_H 1
| #define HAVE_STRINGS_H 1
| #define HAVE_INTTYPES_H 1
| #define HAVE_STDINT_H 1
| #define HAVE_UNISTD_H 1
| #define HAVE_DLFCN_H 1
| #define LT_OBJDIR ".libs/"
| #define OWN_WINDOW 1
| #define NCURSES 1
| #define HAVE_NCURSES_H 1
| #define MATH 1
| #define MPD 1
| #define RSS 1
| #define X11 1
| #define USE_ARGB 1
| #define IMLIB2 1
| #define LUA_EXTRAS 1
| #define HAVE_LUA_CAIRO 1
| #define HAVE_LUA_IMLIB2 1
| #define HAVE_LUA 1
| #define HAVE_XDBE 1
| #define HAVE_XDAMAGE 1
| #define XFT 1
| #define HAVE_CURL 1
| #define HAVE_SIGNAL_H 1
| #define HAVE_UNISTD_H 1
| #define HAVE_SYS_UTSNAME_H 1
| #define HAVE_SYS_STAT_H 1
| /* end confdefs.h.  */
| #include <stdio.h>
| #if HAVE_SYS_TYPES_H
| # include <sys/types.h>
| #endif
| #if HAVE_SYS_STAT_H
| # include <sys/stat.h>
| #endif
| #if STDC_HEADERS
| # include <stdlib.h>
| # include <stddef.h>
| #else
| # if HAVE_STDLIB_H
| #  include <stdlib.h>
| # endif
| #endif
| #if HAVE_STRING_H
| # if !STDC_HEADERS && HAVE_MEMORY_H
| #  include <memory.h>
| # endif
| # include <string.h>
| #endif
| #if HAVE_STRINGS_H
| # include <strings.h>
| #endif
| #if HAVE_INTTYPES_H
| # include <inttypes.h>
| #else
| # if HAVE_STDINT_H
| #  include <stdint.h>
| # endif
| #endif
| #if HAVE_UNISTD_H
| # include <unistd.h>
| #endif
| #include <linux/soundcard.h>
configure:18409: result: no
configure:18413: checking linux/soundcard.h presence
configure:18423: gcc -E -I/usr/local/include conftest.c
conftest.c:45:29: error: linux/soundcard.h: No such file or directory
configure:18429: $? = 1
configure: failed program was:
| /* confdefs.h.  */
| 
| #define PACKAGE_NAME "Conky"
| #define PACKAGE_TARNAME "conky"
| #define PACKAGE_VERSION "1.9.0"
| #define PACKAGE_STRING "Conky 1.9.0"
| #define PACKAGE_BUGREPORT "brenden1@users.sourceforge.net"
| #define PACKAGE "conky"
| #define VERSION "1.9.0"
| #define _GNU_SOURCE
| #define STDC_HEADERS 1
| #define HAVE_SYS_TYPES_H 1
| #define HAVE_SYS_STAT_H 1
| #define HAVE_STDLIB_H 1
| #define HAVE_STRING_H 1
| #define HAVE_MEMORY_H 1
| #define HAVE_STRINGS_H 1
| #define HAVE_INTTYPES_H 1
| #define HAVE_STDINT_H 1
| #define HAVE_UNISTD_H 1
| #define HAVE_DLFCN_H 1
| #define LT_OBJDIR ".libs/"
| #define OWN_WINDOW 1
| #define NCURSES 1
| #define HAVE_NCURSES_H 1
| #define MATH 1
| #define MPD 1
| #define RSS 1
| #define X11 1
| #define USE_ARGB 1
| #define IMLIB2 1
| #define LUA_EXTRAS 1
| #define HAVE_LUA_CAIRO 1
| #define HAVE_LUA_IMLIB2 1
| #define HAVE_LUA 1
| #define HAVE_XDBE 1
| #define HAVE_XDAMAGE 1
| #define XFT 1
| #define HAVE_CURL 1
| #define HAVE_SIGNAL_H 1
| #define HAVE_UNISTD_H 1
| #define HAVE_SYS_UTSNAME_H 1
| #define HAVE_SYS_STAT_H 1
| /* end confdefs.h.  */
| #include <linux/soundcard.h>
configure:18449: result: no
configure:18484: checking for linux/soundcard.h
configure:18491: result: no
configure:18359: checking for alsa/asoundlib.h
configure:18364: result: no
configure:18368: checking dirent.h usability
configure:18380: gcc -c  -I/usr/local/include conftest.c >&5
configure:18386: $? = 0
configure:18390: test -z 
			 || test ! -s conftest.err
configure:18393: $? = 0
configure:18396: test -s conftest.o
configure:18399: $? = 0
configure:18409: result: yes
configure:18413: checking dirent.h presence
configure:18423: gcc -E -I/usr/local/include conftest.c
configure:18429: $? = 0
configure:18449: result: yes
configure:18484: checking for dirent.h
configure:18491: result: yes
configure:18368: checking mcheck.h usability
configure:18380: gcc -c  -I/usr/local/include conftest.c >&5
conftest.c:80:20: error: mcheck.h: No such file or directory
configure:18386: $? = 1
configure: failed program was:
| /* confdefs.h.  */
| 
| #define PACKAGE_NAME "Conky"
| #define PACKAGE_TARNAME "conky"
| #define PACKAGE_VERSION "1.9.0"
| #define PACKAGE_STRING "Conky 1.9.0"
| #define PACKAGE_BUGREPORT "brenden1@users.sourceforge.net"
| #define PACKAGE "conky"
| #define VERSION "1.9.0"
| #define _GNU_SOURCE
| #define STDC_HEADERS 1
| #define HAVE_SYS_TYPES_H 1
| #define HAVE_SYS_STAT_H 1
| #define HAVE_STDLIB_H 1
| #define HAVE_STRING_H 1
| #define HAVE_MEMORY_H 1
| #define HAVE_STRINGS_H 1
| #define HAVE_INTTYPES_H 1
| #define HAVE_STDINT_H 1
| #define HAVE_UNISTD_H 1
| #define HAVE_DLFCN_H 1
| #define LT_OBJDIR ".libs/"
| #define OWN_WINDOW 1
| #define NCURSES 1
| #define HAVE_NCURSES_H 1
| #define MATH 1
| #define MPD 1
| #define RSS 1
| #define X11 1
| #define USE_ARGB 1
| #define IMLIB2 1
| #define LUA_EXTRAS 1
| #define HAVE_LUA_CAIRO 1
| #define HAVE_LUA_IMLIB2 1
| #define HAVE_LUA 1
| #define HAVE_XDBE 1
| #define HAVE_XDAMAGE 1
| #define XFT 1
| #define HAVE_CURL 1
| #define HAVE_SIGNAL_H 1
| #define HAVE_UNISTD_H 1
| #define HAVE_SYS_UTSNAME_H 1
| #define HAVE_SYS_STAT_H 1
| #define HAVE_DIRENT_H 1
| /* end confdefs.h.  */
| #include <stdio.h>
| #if HAVE_SYS_TYPES_H
| # include <sys/types.h>
| #endif
| #if HAVE_SYS_STAT_H
| # include <sys/stat.h>
| #endif
| #if STDC_HEADERS
| # include <stdlib.h>
| # include <stddef.h>
| #else
| # if HAVE_STDLIB_H
| #  include <stdlib.h>
| # endif
| #endif
| #if HAVE_STRING_H
| # if !STDC_HEADERS && HAVE_MEMORY_H
| #  include <memory.h>
| # endif
| # include <string.h>
| #endif
| #if HAVE_STRINGS_H
| # include <strings.h>
| #endif
| #if HAVE_INTTYPES_H
| # include <inttypes.h>
| #else
| # if HAVE_STDINT_H
| #  include <stdint.h>
| # endif
| #endif
| #if HAVE_UNISTD_H
| # include <unistd.h>
| #endif
| #include <mcheck.h>
configure:18409: result: no
configure:18413: checking mcheck.h presence
configure:18423: gcc -E -I/usr/local/include conftest.c
conftest.c:46:20: error: mcheck.h: No such file or directory
configure:18429: $? = 1
configure: failed program was:
| /* confdefs.h.  */
| 
| #define PACKAGE_NAME "Conky"
| #define PACKAGE_TARNAME "conky"
| #define PACKAGE_VERSION "1.9.0"
| #define PACKAGE_STRING "Conky 1.9.0"
| #define PACKAGE_BUGREPORT "brenden1@users.sourceforge.net"
| #define PACKAGE "conky"
| #define VERSION "1.9.0"
| #define _GNU_SOURCE
| #define STDC_HEADERS 1
| #define HAVE_SYS_TYPES_H 1
| #define HAVE_SYS_STAT_H 1
| #define HAVE_STDLIB_H 1
| #define HAVE_STRING_H 1
| #define HAVE_MEMORY_H 1
| #define HAVE_STRINGS_H 1
| #define HAVE_INTTYPES_H 1
| #define HAVE_STDINT_H 1
| #define HAVE_UNISTD_H 1
| #define HAVE_DLFCN_H 1
| #define LT_OBJDIR ".libs/"
| #define OWN_WINDOW 1
| #define NCURSES 1
| #define HAVE_NCURSES_H 1
| #define MATH 1
| #define MPD 1
| #define RSS 1
| #define X11 1
| #define USE_ARGB 1
| #define IMLIB2 1
| #define LUA_EXTRAS 1
| #define HAVE_LUA_CAIRO 1
| #define HAVE_LUA_IMLIB2 1
| #define HAVE_LUA 1
| #define HAVE_XDBE 1
| #define HAVE_XDAMAGE 1
| #define XFT 1
| #define HAVE_CURL 1
| #define HAVE_SIGNAL_H 1
| #define HAVE_UNISTD_H 1
| #define HAVE_SYS_UTSNAME_H 1
| #define HAVE_SYS_STAT_H 1
| #define HAVE_DIRENT_H 1
| /* end confdefs.h.  */
| #include <mcheck.h>
configure:18449: result: no
configure:18484: checking for mcheck.h
configure:18491: result: no
configure:18368: checking sys/statfs.h usability
configure:18380: gcc -c  -I/usr/local/include conftest.c >&5
conftest.c:80:24: error: sys/statfs.h: No such file or directory
configure:18386: $? = 1
configure: failed program was:
| /* confdefs.h.  */
| 
| #define PACKAGE_NAME "Conky"
| #define PACKAGE_TARNAME "conky"
| #define PACKAGE_VERSION "1.9.0"
| #define PACKAGE_STRING "Conky 1.9.0"
| #define PACKAGE_BUGREPORT "brenden1@users.sourceforge.net"
| #define PACKAGE "conky"
| #define VERSION "1.9.0"
| #define _GNU_SOURCE
| #define STDC_HEADERS 1
| #define HAVE_SYS_TYPES_H 1
| #define HAVE_SYS_STAT_H 1
| #define HAVE_STDLIB_H 1
| #define HAVE_STRING_H 1
| #define HAVE_MEMORY_H 1
| #define HAVE_STRINGS_H 1
| #define HAVE_INTTYPES_H 1
| #define HAVE_STDINT_H 1
| #define HAVE_UNISTD_H 1
| #define HAVE_DLFCN_H 1
| #define LT_OBJDIR ".libs/"
| #define OWN_WINDOW 1
| #define NCURSES 1
| #define HAVE_NCURSES_H 1
| #define MATH 1
| #define MPD 1
| #define RSS 1
| #define X11 1
| #define USE_ARGB 1
| #define IMLIB2 1
| #define LUA_EXTRAS 1
| #define HAVE_LUA_CAIRO 1
| #define HAVE_LUA_IMLIB2 1
| #define HAVE_LUA 1
| #define HAVE_XDBE 1
| #define HAVE_XDAMAGE 1
| #define XFT 1
| #define HAVE_CURL 1
| #define HAVE_SIGNAL_H 1
| #define HAVE_UNISTD_H 1
| #define HAVE_SYS_UTSNAME_H 1
| #define HAVE_SYS_STAT_H 1
| #define HAVE_DIRENT_H 1
| /* end confdefs.h.  */
| #include <stdio.h>
| #if HAVE_SYS_TYPES_H
| # include <sys/types.h>
| #endif
| #if HAVE_SYS_STAT_H
| # include <sys/stat.h>
| #endif
| #if STDC_HEADERS
| # include <stdlib.h>
| # include <stddef.h>
| #else
| # if HAVE_STDLIB_H
| #  include <stdlib.h>
| # endif
| #endif
| #if HAVE_STRING_H
| # if !STDC_HEADERS && HAVE_MEMORY_H
| #  include <memory.h>
| # endif
| # include <string.h>
| #endif
| #if HAVE_STRINGS_H
| # include <strings.h>
| #endif
| #if HAVE_INTTYPES_H
| # include <inttypes.h>
| #else
| # if HAVE_STDINT_H
| #  include <stdint.h>
| # endif
| #endif
| #if HAVE_UNISTD_H
| # include <unistd.h>
| #endif
| #include <sys/statfs.h>
configure:18409: result: no
configure:18413: checking sys/statfs.h presence
configure:18423: gcc -E -I/usr/local/include conftest.c
conftest.c:46:24: error: sys/statfs.h: No such file or directory
configure:18429: $? = 1
configure: failed program was:
| /* confdefs.h.  */
| 
| #define PACKAGE_NAME "Conky"
| #define PACKAGE_TARNAME "conky"
| #define PACKAGE_VERSION "1.9.0"
| #define PACKAGE_STRING "Conky 1.9.0"
| #define PACKAGE_BUGREPORT "brenden1@users.sourceforge.net"
| #define PACKAGE "conky"
| #define VERSION "1.9.0"
| #define _GNU_SOURCE
| #define STDC_HEADERS 1
| #define HAVE_SYS_TYPES_H 1
| #define HAVE_SYS_STAT_H 1
| #define HAVE_STDLIB_H 1
| #define HAVE_STRING_H 1
| #define HAVE_MEMORY_H 1
| #define HAVE_STRINGS_H 1
| #define HAVE_INTTYPES_H 1
| #define HAVE_STDINT_H 1
| #define HAVE_UNISTD_H 1
| #define HAVE_DLFCN_H 1
| #define LT_OBJDIR ".libs/"
| #define OWN_WINDOW 1
| #define NCURSES 1
| #define HAVE_NCURSES_H 1
| #define MATH 1
| #define MPD 1
| #define RSS 1
| #define X11 1
| #define USE_ARGB 1
| #define IMLIB2 1
| #define LUA_EXTRAS 1
| #define HAVE_LUA_CAIRO 1
| #define HAVE_LUA_IMLIB2 1
| #define HAVE_LUA 1
| #define HAVE_XDBE 1
| #define HAVE_XDAMAGE 1
| #define XFT 1
| #define HAVE_CURL 1
| #define HAVE_SIGNAL_H 1
| #define HAVE_UNISTD_H 1
| #define HAVE_SYS_UTSNAME_H 1
| #define HAVE_SYS_STAT_H 1
| #define HAVE_DIRENT_H 1
| /* end confdefs.h.  */
| #include <sys/statfs.h>
configure:18449: result: no
configure:18484: checking for sys/statfs.h
configure:18491: result: no
configure:18368: checking sys/param.h usability
configure:18380: gcc -c  -I/usr/local/include conftest.c >&5
configure:18386: $? = 0
configure:18390: test -z 
			 || test ! -s conftest.err
configure:18393: $? = 0
configure:18396: test -s conftest.o
configure:18399: $? = 0
configure:18409: result: yes
configure:18413: checking sys/param.h presence
configure:18423: gcc -E -I/usr/local/include conftest.c
configure:18429: $? = 0
configure:18449: result: yes
configure:18484: checking for sys/param.h
configure:18491: result: yes
configure:18368: checking pthread.h usability
configure:18380: gcc -c  -I/usr/local/include conftest.c >&5
configure:18386: $? = 0
configure:18390: test -z 
			 || test ! -s conftest.err
configure:18393: $? = 0
configure:18396: test -s conftest.o
configure:18399: $? = 0
configure:18409: result: yes
configure:18413: checking pthread.h presence
configure:18423: gcc -E -I/usr/local/include conftest.c
configure:18429: $? = 0
configure:18449: result: yes
configure:18484: checking for pthread.h
configure:18491: result: yes
configure:18368: checking semaphore.h usability
configure:18380: gcc -c  -I/usr/local/include conftest.c >&5
configure:18386: $? = 0
configure:18390: test -z 
			 || test ! -s conftest.err
configure:18393: $? = 0
configure:18396: test -s conftest.o
configure:18399: $? = 0
configure:18409: result: yes
configure:18413: checking semaphore.h presence
configure:18423: gcc -E -I/usr/local/include conftest.c
configure:18429: $? = 0
configure:18449: result: yes
configure:18484: checking for semaphore.h
configure:18491: result: yes
configure:18368: checking assert.h usability
configure:18380: gcc -c  -I/usr/local/include conftest.c >&5
configure:18386: $? = 0
configure:18390: test -z 
			 || test ! -s conftest.err
configure:18393: $? = 0
configure:18396: test -s conftest.o
configure:18399: $? = 0
configure:18409: result: yes
configure:18413: checking assert.h presence
configure:18423: gcc -E -I/usr/local/include conftest.c
configure:18429: $? = 0
configure:18449: result: yes
configure:18484: checking for assert.h
configure:18491: result: yes
configure:18368: checking errno.h usability
configure:18380: gcc -c  -I/usr/local/include conftest.c >&5
configure:18386: $? = 0
configure:18390: test -z 
			 || test ! -s conftest.err
configure:18393: $? = 0
configure:18396: test -s conftest.o
configure:18399: $? = 0
configure:18409: result: yes
configure:18413: checking errno.h presence
configure:18423: gcc -E -I/usr/local/include conftest.c
configure:18429: $? = 0
configure:18449: result: yes
configure:18484: checking for errno.h
configure:18491: result: yes
configure:18368: checking time.h usability
configure:18380: gcc -c  -I/usr/local/include conftest.c >&5
configure:18386: $? = 0
configure:18390: test -z 
			 || test ! -s conftest.err
configure:18393: $? = 0
configure:18396: test -s conftest.o
configure:18399: $? = 0
configure:18409: result: yes
configure:18413: checking time.h presence
configure:18423: gcc -E -I/usr/local/include conftest.c
configure:18429: $? = 0
configure:18449: result: yes
configure:18484: checking for time.h
configure:18491: result: yes
configure:18508: checking for sys/mount.h
configure:18527: gcc -c  -I/usr/local/include conftest.c >&5
configure:18533: $? = 0
configure:18537: test -z 
			 || test ! -s conftest.err
configure:18540: $? = 0
configure:18543: test -s conftest.o
configure:18546: $? = 0
configure:18557: result: yes
configure:18583: checking sys/inotify.h usability
configure:18595: gcc -c  -I/usr/local/include conftest.c >&5
conftest.c:87:25: error: sys/inotify.h: No such file or directory
configure:18601: $? = 1
configure: failed program was:
| /* confdefs.h.  */
| 
| #define PACKAGE_NAME "Conky"
| #define PACKAGE_TARNAME "conky"
| #define PACKAGE_VERSION "1.9.0"
| #define PACKAGE_STRING "Conky 1.9.0"
| #define PACKAGE_BUGREPORT "brenden1@users.sourceforge.net"
| #define PACKAGE "conky"
| #define VERSION "1.9.0"
| #define _GNU_SOURCE
| #define STDC_HEADERS 1
| #define HAVE_SYS_TYPES_H 1
| #define HAVE_SYS_STAT_H 1
| #define HAVE_STDLIB_H 1
| #define HAVE_STRING_H 1
| #define HAVE_MEMORY_H 1
| #define HAVE_STRINGS_H 1
| #define HAVE_INTTYPES_H 1
| #define HAVE_STDINT_H 1
| #define HAVE_UNISTD_H 1
| #define HAVE_DLFCN_H 1
| #define LT_OBJDIR ".libs/"
| #define OWN_WINDOW 1
| #define NCURSES 1
| #define HAVE_NCURSES_H 1
| #define MATH 1
| #define MPD 1
| #define RSS 1
| #define X11 1
| #define USE_ARGB 1
| #define IMLIB2 1
| #define LUA_EXTRAS 1
| #define HAVE_LUA_CAIRO 1
| #define HAVE_LUA_IMLIB2 1
| #define HAVE_LUA 1
| #define HAVE_XDBE 1
| #define HAVE_XDAMAGE 1
| #define XFT 1
| #define HAVE_CURL 1
| #define HAVE_SIGNAL_H 1
| #define HAVE_UNISTD_H 1
| #define HAVE_SYS_UTSNAME_H 1
| #define HAVE_SYS_STAT_H 1
| #define HAVE_DIRENT_H 1
| #define HAVE_SYS_PARAM_H 1
| #define HAVE_PTHREAD_H 1
| #define HAVE_SEMAPHORE_H 1
| #define HAVE_ASSERT_H 1
| #define HAVE_ERRNO_H 1
| #define HAVE_TIME_H 1
| #define HAVE_SYS_MOUNT_H 1
| /* end confdefs.h.  */
| #include <stdio.h>
| #if HAVE_SYS_TYPES_H
| # include <sys/types.h>
| #endif
| #if HAVE_SYS_STAT_H
| # include <sys/stat.h>
| #endif
| #if STDC_HEADERS
| # include <stdlib.h>
| # include <stddef.h>
| #else
| # if HAVE_STDLIB_H
| #  include <stdlib.h>
| # endif
| #endif
| #if HAVE_STRING_H
| # if !STDC_HEADERS && HAVE_MEMORY_H
| #  include <memory.h>
| # endif
| # include <string.h>
| #endif
| #if HAVE_STRINGS_H
| # include <strings.h>
| #endif
| #if HAVE_INTTYPES_H
| # include <inttypes.h>
| #else
| # if HAVE_STDINT_H
| #  include <stdint.h>
| # endif
| #endif
| #if HAVE_UNISTD_H
| # include <unistd.h>
| #endif
| #include <sys/inotify.h>
configure:18624: result: no
configure:18628: checking sys/inotify.h presence
configure:18638: gcc -E -I/usr/local/include conftest.c
conftest.c:53:25: error: sys/inotify.h: No such file or directory
configure:18644: $? = 1
configure: failed program was:
| /* confdefs.h.  */
| 
| #define PACKAGE_NAME "Conky"
| #define PACKAGE_TARNAME "conky"
| #define PACKAGE_VERSION "1.9.0"
| #define PACKAGE_STRING "Conky 1.9.0"
| #define PACKAGE_BUGREPORT "brenden1@users.sourceforge.net"
| #define PACKAGE "conky"
| #define VERSION "1.9.0"
| #define _GNU_SOURCE
| #define STDC_HEADERS 1
| #define HAVE_SYS_TYPES_H 1
| #define HAVE_SYS_STAT_H 1
| #define HAVE_STDLIB_H 1
| #define HAVE_STRING_H 1
| #define HAVE_MEMORY_H 1
| #define HAVE_STRINGS_H 1
| #define HAVE_INTTYPES_H 1
| #define HAVE_STDINT_H 1
| #define HAVE_UNISTD_H 1
| #define HAVE_DLFCN_H 1
| #define LT_OBJDIR ".libs/"
| #define OWN_WINDOW 1
| #define NCURSES 1
| #define HAVE_NCURSES_H 1
| #define MATH 1
| #define MPD 1
| #define RSS 1
| #define X11 1
| #define USE_ARGB 1
| #define IMLIB2 1
| #define LUA_EXTRAS 1
| #define HAVE_LUA_CAIRO 1
| #define HAVE_LUA_IMLIB2 1
| #define HAVE_LUA 1
| #define HAVE_XDBE 1
| #define HAVE_XDAMAGE 1
| #define XFT 1
| #define HAVE_CURL 1
| #define HAVE_SIGNAL_H 1
| #define HAVE_UNISTD_H 1
| #define HAVE_SYS_UTSNAME_H 1
| #define HAVE_SYS_STAT_H 1
| #define HAVE_DIRENT_H 1
| #define HAVE_SYS_PARAM_H 1
| #define HAVE_PTHREAD_H 1
| #define HAVE_SEMAPHORE_H 1
| #define HAVE_ASSERT_H 1
| #define HAVE_ERRNO_H 1
| #define HAVE_TIME_H 1
| #define HAVE_SYS_MOUNT_H 1
| /* end confdefs.h.  */
| #include <sys/inotify.h>
configure:18664: result: no
configure:18699: checking for sys/inotify.h
configure:18706: result: no
configure:18765: checking for calloc
configure:18822: gcc -o conftest  -I/usr/local/include -L/usr/local/lib conftest.c -ltolua++  >&5
conftest.c:83: warning: conflicting types for built-in function 'calloc'
/usr/local/lib/liblua.so: warning: warning: strcpy() is almost always misused, please use strlcpy()
/usr/local/lib/liblua.so: warning: warning: strcat() is almost always misused, please use strlcat()
/usr/local/lib/liblua.so: warning: warning: rand() may return deterministic values, is that what you want?
/usr/local/lib/liblua.so: warning: warning: sprintf() is often misused, please use snprintf()
configure:18828: $? = 0
configure:18832: test -z 
			 || test ! -s conftest.err
configure:18835: $? = 0
configure:18838: test -s conftest
configure:18841: $? = 0
configure:18853: result: yes
configure:18765: checking for malloc
configure:18822: gcc -o conftest  -I/usr/local/include -L/usr/local/lib conftest.c -ltolua++  >&5
conftest.c:84: warning: conflicting types for built-in function 'malloc'
/usr/local/lib/liblua.so: warning: warning: strcpy() is almost always misused, please use strlcpy()
/usr/local/lib/liblua.so: warning: warning: strcat() is almost always misused, please use strlcat()
/usr/local/lib/liblua.so: warning: warning: rand() may return deterministic values, is that what you want?
/usr/local/lib/liblua.so: warning: warning: sprintf() is often misused, please use snprintf()
configure:18828: $? = 0
configure:18832: test -z 
			 || test ! -s conftest.err
configure:18835: $? = 0
configure:18838: test -s conftest
configure:18841: $? = 0
configure:18853: result: yes
configure:18765: checking for free
configure:18822: gcc -o conftest  -I/usr/local/include -L/usr/local/lib conftest.c -ltolua++  >&5
/usr/local/lib/liblua.so: warning: warning: strcpy() is almost always misused, please use strlcpy()
/usr/local/lib/liblua.so: warning: warning: strcat() is almost always misused, please use strlcat()
/usr/local/lib/liblua.so: warning: warning: rand() may return deterministic values, is that what you want?
/usr/local/lib/liblua.so: warning: warning: sprintf() is often misused, please use snprintf()
configure:18828: $? = 0
configure:18832: test -z 
			 || test ! -s conftest.err
configure:18835: $? = 0
configure:18838: test -s conftest
configure:18841: $? = 0
configure:18853: result: yes
configure:18765: checking for popen
configure:18822: gcc -o conftest  -I/usr/local/include -L/usr/local/lib conftest.c -ltolua++  >&5
/usr/local/lib/liblua.so: warning: warning: strcpy() is almost always misused, please use strlcpy()
/usr/local/lib/liblua.so: warning: warning: strcat() is almost always misused, please use strlcat()
/usr/local/lib/liblua.so: warning: warning: rand() may return deterministic values, is that what you want?
/usr/local/lib/liblua.so: warning: warning: sprintf() is often misused, please use snprintf()
configure:18828: $? = 0
configure:18832: test -z 
			 || test ! -s conftest.err
configure:18835: $? = 0
configure:18838: test -s conftest
configure:18841: $? = 0
configure:18853: result: yes
configure:18765: checking for sysinfo
configure:18822: gcc -o conftest  -I/usr/local/include -L/usr/local/lib conftest.c -ltolua++  >&5
/usr/local/lib/liblua.so: warning: warning: strcpy() is almost always misused, please use strlcpy()
/usr/local/lib/liblua.so: warning: warning: strcat() is almost always misused, please use strlcat()
/usr/local/lib/liblua.so: warning: warning: rand() may return deterministic values, is that what you want?
/usr/local/lib/liblua.so: warning: warning: sprintf() is often misused, please use snprintf()
/tmp//cc6Y4NeW.o: In function `main':
conftest.c:(.text+0xe): undefined reference to `sysinfo'
/tmp//cc6Y4NeW.o:(.data.rel+0x0): undefined reference to `sysinfo'
collect2: ld returned 1 exit status
configure:18828: $? = 1
configure: failed program was:
| /* confdefs.h.  */
| 
| #define PACKAGE_NAME "Conky"
| #define PACKAGE_TARNAME "conky"
| #define PACKAGE_VERSION "1.9.0"
| #define PACKAGE_STRING "Conky 1.9.0"
| #define PACKAGE_BUGREPORT "brenden1@users.sourceforge.net"
| #define PACKAGE "conky"
| #define VERSION "1.9.0"
| #define _GNU_SOURCE
| #define STDC_HEADERS 1
| #define HAVE_SYS_TYPES_H 1
| #define HAVE_SYS_STAT_H 1
| #define HAVE_STDLIB_H 1
| #define HAVE_STRING_H 1
| #define HAVE_MEMORY_H 1
| #define HAVE_STRINGS_H 1
| #define HAVE_INTTYPES_H 1
| #define HAVE_STDINT_H 1
| #define HAVE_UNISTD_H 1
| #define HAVE_DLFCN_H 1
| #define LT_OBJDIR ".libs/"
| #define OWN_WINDOW 1
| #define NCURSES 1
| #define HAVE_NCURSES_H 1
| #define MATH 1
| #define MPD 1
| #define RSS 1
| #define X11 1
| #define USE_ARGB 1
| #define IMLIB2 1
| #define LUA_EXTRAS 1
| #define HAVE_LUA_CAIRO 1
| #define HAVE_LUA_IMLIB2 1
| #define HAVE_LUA 1
| #define HAVE_XDBE 1
| #define HAVE_XDAMAGE 1
| #define XFT 1
| #define HAVE_CURL 1
| #define HAVE_SIGNAL_H 1
| #define HAVE_UNISTD_H 1
| #define HAVE_SYS_UTSNAME_H 1
| #define HAVE_SYS_STAT_H 1
| #define HAVE_DIRENT_H 1
| #define HAVE_SYS_PARAM_H 1
| #define HAVE_PTHREAD_H 1
| #define HAVE_SEMAPHORE_H 1
| #define HAVE_ASSERT_H 1
| #define HAVE_ERRNO_H 1
| #define HAVE_TIME_H 1
| #define HAVE_SYS_MOUNT_H 1
| #define DEFAULTNETDEV "eth0"
| #define CONFIG_FILE "$HOME/.conkyrc"
| #define MAX_SPECIALS_DEFAULT 512
| #define MAX_USER_TEXT_DEFAULT 16384
| #define DEFAULT_TEXT_BUFFER_SIZE 256
| #define MAX_NET_INTERFACES 64
| #define HAVE_CALLOC 1
| #define HAVE_MALLOC 1
| #define HAVE_FREE 1
| #define HAVE_POPEN 1
| /* end confdefs.h.  */
| /* Define sysinfo to an innocuous variant, in case <limits.h> declares sysinfo.
|    For example, HP-UX 11i <limits.h> declares gettimeofday.  */
| #define sysinfo innocuous_sysinfo
| 
| /* System header to define __stub macros and hopefully few prototypes,
|     which can conflict with char sysinfo (); below.
|     Prefer <limits.h> to <assert.h> if __STDC__ is defined, since
|     <limits.h> exists even on freestanding compilers.  */
| 
| #ifdef __STDC__
| # include <limits.h>
| #else
| # include <assert.h>
| #endif
| 
| #undef sysinfo
| 
| /* Override any gcc2 internal prototype to avoid an error.  */
| #ifdef __cplusplus
| extern "C"
| {
| #endif
| /* We use char because int might match the return type of a gcc2
|    builtin and then its argument prototype would still apply.  */
| char sysinfo ();
| /* The GNU C library defines this for functions which it implements
|     to always fail with ENOSYS.  Some functions are actually named
|     something starting with __ and the normal name is an alias.  */
| #if defined (__stub_sysinfo) || defined (__stub___sysinfo)
| choke me
| #else
| char (*f) () = sysinfo;
| #endif
| #ifdef __cplusplus
| }
| #endif
| 
| int
| main ()
| {
| return f != sysinfo;
|   ;
|   return 0;
| }
configure:18853: result: no
configure:18765: checking for getloadavg
configure:18822: gcc -o conftest  -I/usr/local/include -L/usr/local/lib conftest.c -ltolua++  >&5
/usr/local/lib/liblua.so: warning: warning: strcpy() is almost always misused, please use strlcpy()
/usr/local/lib/liblua.so: warning: warning: strcat() is almost always misused, please use strlcat()
/usr/local/lib/liblua.so: warning: warning: rand() may return deterministic values, is that what you want?
/usr/local/lib/liblua.so: warning: warning: sprintf() is often misused, please use snprintf()
configure:18828: $? = 0
configure:18832: test -z 
			 || test ! -s conftest.err
configure:18835: $? = 0
configure:18838: test -s conftest
configure:18841: $? = 0
configure:18853: result: yes
configure:18765: checking for memrchr
configure:18822: gcc -o conftest  -I/usr/local/include -L/usr/local/lib conftest.c -ltolua++  >&5
/usr/local/lib/liblua.so: warning: warning: strcpy() is almost always misused, please use strlcpy()
/usr/local/lib/liblua.so: warning: warning: strcat() is almost always misused, please use strlcat()
/usr/local/lib/liblua.so: warning: warning: rand() may return deterministic values, is that what you want?
/usr/local/lib/liblua.so: warning: warning: sprintf() is often misused, please use snprintf()
configure:18828: $? = 0
configure:18832: test -z 
			 || test ! -s conftest.err
configure:18835: $? = 0
configure:18838: test -s conftest
configure:18841: $? = 0
configure:18853: result: yes
configure:18765: checking for strndup
configure:18822: gcc -o conftest  -I/usr/local/include -L/usr/local/lib conftest.c -ltolua++  >&5
conftest.c:89: warning: conflicting types for built-in function 'strndup'
/usr/local/lib/liblua.so: warning: warning: strcpy() is almost always misused, please use strlcpy()
/usr/local/lib/liblua.so: warning: warning: strcat() is almost always misused, please use strlcat()
/usr/local/lib/liblua.so: warning: warning: rand() may return deterministic values, is that what you want?
/usr/local/lib/liblua.so: warning: warning: sprintf() is often misused, please use snprintf()
configure:18828: $? = 0
configure:18832: test -z 
			 || test ! -s conftest.err
configure:18835: $? = 0
configure:18838: test -s conftest
configure:18841: $? = 0
configure:18853: result: yes
configure:18765: checking for gethostbyname_r
configure:18822: gcc -o conftest  -I/usr/local/include -L/usr/local/lib conftest.c -ltolua++  >&5
/usr/local/lib/liblua.so: warning: warning: strcpy() is almost always misused, please use strlcpy()
/usr/local/lib/liblua.so: warning: warning: strcat() is almost always misused, please use strlcat()
/usr/local/lib/liblua.so: warning: warning: rand() may return deterministic values, is that what you want?
/usr/local/lib/liblua.so: warning: warning: sprintf() is often misused, please use snprintf()
/tmp//cco5vQ1I.o: In function `main':
conftest.c:(.text+0xe): undefined reference to `gethostbyname_r'
/tmp//cco5vQ1I.o:(.data.rel+0x0): undefined reference to `gethostbyname_r'
collect2: ld returned 1 exit status
configure:18828: $? = 1
configure: failed program was:
| /* confdefs.h.  */
| 
| #define PACKAGE_NAME "Conky"
| #define PACKAGE_TARNAME "conky"
| #define PACKAGE_VERSION "1.9.0"
| #define PACKAGE_STRING "Conky 1.9.0"
| #define PACKAGE_BUGREPORT "brenden1@users.sourceforge.net"
| #define PACKAGE "conky"
| #define VERSION "1.9.0"
| #define _GNU_SOURCE
| #define STDC_HEADERS 1
| #define HAVE_SYS_TYPES_H 1
| #define HAVE_SYS_STAT_H 1
| #define HAVE_STDLIB_H 1
| #define HAVE_STRING_H 1
| #define HAVE_MEMORY_H 1
| #define HAVE_STRINGS_H 1
| #define HAVE_INTTYPES_H 1
| #define HAVE_STDINT_H 1
| #define HAVE_UNISTD_H 1
| #define HAVE_DLFCN_H 1
| #define LT_OBJDIR ".libs/"
| #define OWN_WINDOW 1
| #define NCURSES 1
| #define HAVE_NCURSES_H 1
| #define MATH 1
| #define MPD 1
| #define RSS 1
| #define X11 1
| #define USE_ARGB 1
| #define IMLIB2 1
| #define LUA_EXTRAS 1
| #define HAVE_LUA_CAIRO 1
| #define HAVE_LUA_IMLIB2 1
| #define HAVE_LUA 1
| #define HAVE_XDBE 1
| #define HAVE_XDAMAGE 1
| #define XFT 1
| #define HAVE_CURL 1
| #define HAVE_SIGNAL_H 1
| #define HAVE_UNISTD_H 1
| #define HAVE_SYS_UTSNAME_H 1
| #define HAVE_SYS_STAT_H 1
| #define HAVE_DIRENT_H 1
| #define HAVE_SYS_PARAM_H 1
| #define HAVE_PTHREAD_H 1
| #define HAVE_SEMAPHORE_H 1
| #define HAVE_ASSERT_H 1
| #define HAVE_ERRNO_H 1
| #define HAVE_TIME_H 1
| #define HAVE_SYS_MOUNT_H 1
| #define DEFAULTNETDEV "eth0"
| #define CONFIG_FILE "$HOME/.conkyrc"
| #define MAX_SPECIALS_DEFAULT 512
| #define MAX_USER_TEXT_DEFAULT 16384
| #define DEFAULT_TEXT_BUFFER_SIZE 256
| #define MAX_NET_INTERFACES 64
| #define HAVE_CALLOC 1
| #define HAVE_MALLOC 1
| #define HAVE_FREE 1
| #define HAVE_POPEN 1
| #define HAVE_GETLOADAVG 1
| #define HAVE_MEMRCHR 1
| #define HAVE_STRNDUP 1
| /* end confdefs.h.  */
| /* Define gethostbyname_r to an innocuous variant, in case <limits.h> declares gethostbyname_r.
|    For example, HP-UX 11i <limits.h> declares gettimeofday.  */
| #define gethostbyname_r innocuous_gethostbyname_r
| 
| /* System header to define __stub macros and hopefully few prototypes,
|     which can conflict with char gethostbyname_r (); below.
|     Prefer <limits.h> to <assert.h> if __STDC__ is defined, since
|     <limits.h> exists even on freestanding compilers.  */
| 
| #ifdef __STDC__
| # include <limits.h>
| #else
| # include <assert.h>
| #endif
| 
| #undef gethostbyname_r
| 
| /* Override any gcc2 internal prototype to avoid an error.  */
| #ifdef __cplusplus
| extern "C"
| {
| #endif
| /* We use char because int might match the return type of a gcc2
|    builtin and then its argument prototype would still apply.  */
| char gethostbyname_r ();
| /* The GNU C library defines this for functions which it implements
|     to always fail with ENOSYS.  Some functions are actually named
|     something starting with __ and the normal name is an alias.  */
| #if defined (__stub_gethostbyname_r) || defined (__stub___gethostbyname_r)
| choke me
| #else
| char (*f) () = gethostbyname_r;
| #endif
| #ifdef __cplusplus
| }
| #endif
| 
| int
| main ()
| {
| return f != gethostbyname_r;
|   ;
|   return 0;
| }
configure:18853: result: no
configure:18863: checking for library containing clock_gettime
configure:18893: gcc -o conftest  -I/usr/local/include -L/usr/local/lib conftest.c -ltolua++  >&5
/usr/local/lib/liblua.so: warning: warning: strcpy() is almost always misused, please use strlcpy()
/usr/local/lib/liblua.so: warning: warning: strcat() is almost always misused, please use strlcat()
/usr/local/lib/liblua.so: warning: warning: rand() may return deterministic values, is that what you want?
/usr/local/lib/liblua.so: warning: warning: sprintf() is often misused, please use snprintf()
configure:18899: $? = 0
configure:18903: test -z 
			 || test ! -s conftest.err
configure:18906: $? = 0
configure:18909: test -s conftest
configure:18912: $? = 0
configure:18982: result: none required
configure:19103: checking for struct statfs.f_fstypename
configure:19127: gcc -c  -I/usr/local/include conftest.c >&5
conftest.c:67:24: error: sys/statfs.h: No such file or directory
conftest.c: In function 'main':
conftest.c:72: error: storage size of 'ac_aggr' isn't known
configure:19133: $? = 1
configure: failed program was:
| /* confdefs.h.  */
| 
| #define PACKAGE_NAME "Conky"
| #define PACKAGE_TARNAME "conky"
| #define PACKAGE_VERSION "1.9.0"
| #define PACKAGE_STRING "Conky 1.9.0"
| #define PACKAGE_BUGREPORT "brenden1@users.sourceforge.net"
| #define PACKAGE "conky"
| #define VERSION "1.9.0"
| #define _GNU_SOURCE
| #define STDC_HEADERS 1
| #define HAVE_SYS_TYPES_H 1
| #define HAVE_SYS_STAT_H 1
| #define HAVE_STDLIB_H 1
| #define HAVE_STRING_H 1
| #define HAVE_MEMORY_H 1
| #define HAVE_STRINGS_H 1
| #define HAVE_INTTYPES_H 1
| #define HAVE_STDINT_H 1
| #define HAVE_UNISTD_H 1
| #define HAVE_DLFCN_H 1
| #define LT_OBJDIR ".libs/"
| #define OWN_WINDOW 1
| #define NCURSES 1
| #define HAVE_NCURSES_H 1
| #define MATH 1
| #define MPD 1
| #define RSS 1
| #define X11 1
| #define USE_ARGB 1
| #define IMLIB2 1
| #define LUA_EXTRAS 1
| #define HAVE_LUA_CAIRO 1
| #define HAVE_LUA_IMLIB2 1
| #define HAVE_LUA 1
| #define HAVE_XDBE 1
| #define HAVE_XDAMAGE 1
| #define XFT 1
| #define HAVE_CURL 1
| #define HAVE_SIGNAL_H 1
| #define HAVE_UNISTD_H 1
| #define HAVE_SYS_UTSNAME_H 1
| #define HAVE_SYS_STAT_H 1
| #define HAVE_DIRENT_H 1
| #define HAVE_SYS_PARAM_H 1
| #define HAVE_PTHREAD_H 1
| #define HAVE_SEMAPHORE_H 1
| #define HAVE_ASSERT_H 1
| #define HAVE_ERRNO_H 1
| #define HAVE_TIME_H 1
| #define HAVE_SYS_MOUNT_H 1
| #define DEFAULTNETDEV "eth0"
| #define CONFIG_FILE "$HOME/.conkyrc"
| #define MAX_SPECIALS_DEFAULT 512
| #define MAX_USER_TEXT_DEFAULT 16384
| #define DEFAULT_TEXT_BUFFER_SIZE 256
| #define MAX_NET_INTERFACES 64
| #define HAVE_CALLOC 1
| #define HAVE_MALLOC 1
| #define HAVE_FREE 1
| #define HAVE_POPEN 1
| #define HAVE_GETLOADAVG 1
| #define HAVE_MEMRCHR 1
| #define HAVE_STRNDUP 1
| #define HAVE_CLOCK_GETTIME 1
| /* end confdefs.h.  */
| #include <sys/statfs.h>
| 
| int
| main ()
| {
| static struct statfs ac_aggr;
| if (ac_aggr.f_fstypename)
| return 0;
|   ;
|   return 0;
| }
configure:19172: gcc -c  -I/usr/local/include conftest.c >&5
conftest.c:67:24: error: sys/statfs.h: No such file or directory
conftest.c: In function 'main':
conftest.c:72: error: storage size of 'ac_aggr' isn't known
configure:19178: $? = 1
configure: failed program was:
| /* confdefs.h.  */
| 
| #define PACKAGE_NAME "Conky"
| #define PACKAGE_TARNAME "conky"
| #define PACKAGE_VERSION "1.9.0"
| #define PACKAGE_STRING "Conky 1.9.0"
| #define PACKAGE_BUGREPORT "brenden1@users.sourceforge.net"
| #define PACKAGE "conky"
| #define VERSION "1.9.0"
| #define _GNU_SOURCE
| #define STDC_HEADERS 1
| #define HAVE_SYS_TYPES_H 1
| #define HAVE_SYS_STAT_H 1
| #define HAVE_STDLIB_H 1
| #define HAVE_STRING_H 1
| #define HAVE_MEMORY_H 1
| #define HAVE_STRINGS_H 1
| #define HAVE_INTTYPES_H 1
| #define HAVE_STDINT_H 1
| #define HAVE_UNISTD_H 1
| #define HAVE_DLFCN_H 1
| #define LT_OBJDIR ".libs/"
| #define OWN_WINDOW 1
| #define NCURSES 1
| #define HAVE_NCURSES_H 1
| #define MATH 1
| #define MPD 1
| #define RSS 1
| #define X11 1
| #define USE_ARGB 1
| #define IMLIB2 1
| #define LUA_EXTRAS 1
| #define HAVE_LUA_CAIRO 1
| #define HAVE_LUA_IMLIB2 1
| #define HAVE_LUA 1
| #define HAVE_XDBE 1
| #define HAVE_XDAMAGE 1
| #define XFT 1
| #define HAVE_CURL 1
| #define HAVE_SIGNAL_H 1
| #define HAVE_UNISTD_H 1
| #define HAVE_SYS_UTSNAME_H 1
| #define HAVE_SYS_STAT_H 1
| #define HAVE_DIRENT_H 1
| #define HAVE_SYS_PARAM_H 1
| #define HAVE_PTHREAD_H 1
| #define HAVE_SEMAPHORE_H 1
| #define HAVE_ASSERT_H 1
| #define HAVE_ERRNO_H 1
| #define HAVE_TIME_H 1
| #define HAVE_SYS_MOUNT_H 1
| #define DEFAULTNETDEV "eth0"
| #define CONFIG_FILE "$HOME/.conkyrc"
| #define MAX_SPECIALS_DEFAULT 512
| #define MAX_USER_TEXT_DEFAULT 16384
| #define DEFAULT_TEXT_BUFFER_SIZE 256
| #define MAX_NET_INTERFACES 64
| #define HAVE_CALLOC 1
| #define HAVE_MALLOC 1
| #define HAVE_FREE 1
| #define HAVE_POPEN 1
| #define HAVE_GETLOADAVG 1
| #define HAVE_MEMRCHR 1
| #define HAVE_STRNDUP 1
| #define HAVE_CLOCK_GETTIME 1
| /* end confdefs.h.  */
| #include <sys/statfs.h>
| 
| int
| main ()
| {
| static struct statfs ac_aggr;
| if (sizeof ac_aggr.f_fstypename)
| return 0;
|   ;
|   return 0;
| }
configure:19204: result: no
configure:19223: checking for db2x_xsltproc
configure:19239: found /usr/local/bin/db2x_xsltproc
configure:19249: result: db2x_xsltproc
configure:19263: checking for db2x_manxml
configure:19279: found /usr/local/bin/db2x_manxml
configure:19289: result: db2x_manxml
configure:19303: checking for xsltproc
configure:19319: found /usr/local/bin/xsltproc
configure:19329: result: xsltproc
configure:19448: checking if /usr/bin/ld accepts -O1
configure:19453: result: yes
configure:19856: creating ./config.status

## ---------------- ##
## Cache variables. ##
## ---------------- ##

ac_cv_build=x86_64-unknown-openbsd5.9
ac_cv_build_alias=amd64-unknown-openbsd5.9
ac_cv_c_compiler_gnu=yes
ac_cv_env_Audacious_CFLAGS_set=
ac_cv_env_Audacious_CFLAGS_value=
ac_cv_env_Audacious_LIBS_set=
ac_cv_env_Audacious_LIBS_value=
ac_cv_env_BMPx_CFLAGS_set=
ac_cv_env_BMPx_CFLAGS_value=
ac_cv_env_BMPx_LIBS_set=
ac_cv_env_BMPx_LIBS_value=
ac_cv_env_CC_set=
ac_cv_env_CC_value=
ac_cv_env_CFLAGS_set=
ac_cv_env_CFLAGS_value=
ac_cv_env_CPPFLAGS_set=set
ac_cv_env_CPPFLAGS_value=-I/usr/local/include
ac_cv_env_CPP_set=
ac_cv_env_CPP_value=
ac_cv_env_GLib2_CFLAGS_set=
ac_cv_env_GLib2_CFLAGS_value=
ac_cv_env_GLib2_LIBS_set=
ac_cv_env_GLib2_LIBS_value=
ac_cv_env_Imlib2_CFLAGS_set=
ac_cv_env_Imlib2_CFLAGS_value=
ac_cv_env_Imlib2_LIBS_set=
ac_cv_env_Imlib2_LIBS_value=
ac_cv_env_LDFLAGS_set=set
ac_cv_env_LDFLAGS_value=-L/usr/local/lib
ac_cv_env_LUA51_CFLAGS_set=
ac_cv_env_LUA51_CFLAGS_value=
ac_cv_env_LUA51_LIBS_set=
ac_cv_env_LUA51_LIBS_value=
ac_cv_env_LUA_CFLAGS_set=set
ac_cv_env_LUA_CFLAGS_value=-I/usr/local/include/lua-5.1
ac_cv_env_LUA_LIBS_set=set
ac_cv_env_LUA_LIBS_value='-L/usr/local/lib -llua5.1 -lm'
ac_cv_env_PKG_CONFIG_set=
ac_cv_env_PKG_CONFIG_value=
ac_cv_env_X11_CFLAGS_set=
ac_cv_env_X11_CFLAGS_value=
ac_cv_env_X11_LIBS_set=
ac_cv_env_X11_LIBS_value=
ac_cv_env_XDamage_CFLAGS_set=
ac_cv_env_XDamage_CFLAGS_value=
ac_cv_env_XDamage_LIBS_set=
ac_cv_env_XDamage_LIBS_value=
ac_cv_env_XMMS2_CFLAGS_set=
ac_cv_env_XMMS2_CFLAGS_value=
ac_cv_env_XMMS2_LIBS_set=
ac_cv_env_XMMS2_LIBS_value=
ac_cv_env_Xext_CFLAGS_set=
ac_cv_env_Xext_CFLAGS_value=
ac_cv_env_Xext_LIBS_set=
ac_cv_env_Xext_LIBS_value=
ac_cv_env_Xft_CFLAGS_set=
ac_cv_env_Xft_CFLAGS_value=
ac_cv_env_Xft_LIBS_set=
ac_cv_env_Xft_LIBS_value=
ac_cv_env_build_alias_set=
ac_cv_env_build_alias_value=
ac_cv_env_cairo_CFLAGS_set=
ac_cv_env_cairo_CFLAGS_value=
ac_cv_env_cairo_LIBS_set=
ac_cv_env_cairo_LIBS_value=
ac_cv_env_cairo_xlib_CFLAGS_set=
ac_cv_env_cairo_xlib_CFLAGS_value=
ac_cv_env_cairo_xlib_LIBS_set=
ac_cv_env_cairo_xlib_LIBS_value=
ac_cv_env_host_alias_set=
ac_cv_env_host_alias_value=
ac_cv_env_libcurl_CFLAGS_set=
ac_cv_env_libcurl_CFLAGS_value=
ac_cv_env_libcurl_LIBS_set=
ac_cv_env_libcurl_LIBS_value=
ac_cv_env_libxml2_CFLAGS_set=
ac_cv_env_libxml2_CFLAGS_value=
ac_cv_env_libxml2_LIBS_set=
ac_cv_env_libxml2_LIBS_value=
ac_cv_env_target_alias_set=
ac_cv_env_target_alias_value=
ac_cv_exeext=
ac_cv_func_calloc=yes
ac_cv_func_free=yes
ac_cv_func_gethostbyname_r=no
ac_cv_func_getloadavg=yes
ac_cv_func_malloc=yes
ac_cv_func_memrchr=yes
ac_cv_func_popen=yes
ac_cv_func_strndup=yes
ac_cv_func_sysinfo=no
ac_cv_header_alsa_asoundlib_h=no
ac_cv_header_assert_h=yes
ac_cv_header_dirent_h=yes
ac_cv_header_dlfcn_h=yes
ac_cv_header_errno_h=yes
ac_cv_header_inttypes_h=yes
ac_cv_header_linux_soundcard_h=no
ac_cv_header_mcheck_h=no
ac_cv_header_memory_h=yes
ac_cv_header_ncurses_h=yes
ac_cv_header_pthread_h=yes
ac_cv_header_semaphore_h=yes
ac_cv_header_signal_h=yes
ac_cv_header_stdc=yes
ac_cv_header_stdint_h=yes
ac_cv_header_stdlib_h=yes
ac_cv_header_string_h=yes
ac_cv_header_strings_h=yes
ac_cv_header_sys_inotify_h=no
ac_cv_header_sys_mount_h=yes
ac_cv_header_sys_param_h=yes
ac_cv_header_sys_stat_h=yes
ac_cv_header_sys_statfs_h=no
ac_cv_header_sys_types_h=yes
ac_cv_header_sys_utsname_h=yes
ac_cv_header_time_h=yes
ac_cv_header_unistd_h=yes
ac_cv_host=x86_64-unknown-openbsd5.9
ac_cv_host_alias=amd64-unknown-openbsd5.9
ac_cv_lib_kvm_kvm_open=yes
ac_cv_lib_ossaudio__oss_ioctl=yes
ac_cv_member_struct_statfs_f_fstypename=no
ac_cv_objext=o
ac_cv_path_ac_pt_PKG_CONFIG=/usr/bin/pkg-config
ac_cv_path_install='/usr/bin/install -c'
ac_cv_prog_AWK=awk
ac_cv_prog_CPP='gcc -E'
ac_cv_prog_HAVE_PKGCONFIG=yes
ac_cv_prog_ac_ct_AR=ar
ac_cv_prog_ac_ct_CC=gcc
ac_cv_prog_ac_ct_DLLTOOL=false
ac_cv_prog_ac_ct_MANIFEST_TOOL=mt
ac_cv_prog_ac_ct_OBJDUMP=objdump
ac_cv_prog_ac_ct_RANLIB=ranlib
ac_cv_prog_ac_ct_STRIP=strip
ac_cv_prog_cc_g=yes
ac_cv_prog_cc_gcc_c_o=yes
ac_cv_prog_cc_stdc=
ac_cv_prog_db2x_manxml_cmd=db2x_manxml
ac_cv_prog_db2x_xsltproc_cmd=db2x_xsltproc
ac_cv_prog_egrep='grep -E'
ac_cv_prog_fgrep='grep -F'
ac_cv_prog_make_make_set=yes
ac_cv_prog_toluapp=tolua++
ac_cv_prog_xsltproc_cmd=xsltproc
ac_cv_search_clock_gettime='none required'
ac_cv_search_tolua_error=-ltolua++
am_cv_CC_dependencies_compiler_type=gcc3
lt_cv_ar_at_file=@
lt_cv_archive_cmds_need_lc=yes
lt_cv_deplibs_check_method='match_pattern /lib[^/]+(\.so\.[0-9]+\.[0-9]+|\.so|_pic\.a)$'
lt_cv_file_magic_cmd='$MAGIC_CMD'
lt_cv_file_magic_test_file=
lt_cv_ld_reload_flag=-r
lt_cv_nm_interface='BSD nm'
lt_cv_objdir=.libs
lt_cv_path_LD=/usr/bin/ld
lt_cv_path_NM='/usr/bin/nm -B'
lt_cv_path_SED=/usr/local/bin/gsed
lt_cv_path_mainfest_tool=no
lt_cv_prog_compiler_c_o=yes
lt_cv_prog_compiler_pic='-fPIC -DPIC'
lt_cv_prog_compiler_pic_works=yes
lt_cv_prog_compiler_rtti_exceptions=no
lt_cv_prog_compiler_static_works=yes
lt_cv_prog_gnu_ld=yes
lt_cv_sharedlib_from_linklib_cmd='print -r --'
lt_cv_sys_global_symbol_pipe='sed -n -e '\''s/^.*[	 ]\([BCDEGRST][BCDEGRST]*\)[	 ][	 ]*\([_A-Za-z][_A-Za-z0-9]*\)$/\1 \2 \2/p'\'' | sed '\''/ __gnu_lto/d'\'
lt_cv_sys_global_symbol_to_c_name_address='sed -n -e '\''s/^: \([^ ]*\)[ ]*$/  {\"\1\", (void *) 0},/p'\'' -e '\''s/^[BCDEGRST]* \([^ ]*\) \([^ ]*\)$/  {"\2", (void *) \&\2},/p'\'
lt_cv_sys_global_symbol_to_c_name_address_lib_prefix='sed -n -e '\''s/^: \([^ ]*\)[ ]*$/  {\"\1\", (void *) 0},/p'\'' -e '\''s/^[BCDEGRST]* \([^ ]*\) \(lib[^ ]*\)$/  {"\2", (void *) \&\2},/p'\'' -e '\''s/^[BCDEGRST]* \([^ ]*\) \([^ ]*\)$/  {"lib\2", (void *) \&\2},/p'\'
lt_cv_sys_global_symbol_to_cdecl='sed -n -e '\''s/^T .* \(.*\)$/extern int \1();/p'\'' -e '\''s/^[BCDEGRST]* .* \(.*\)$/extern char \1;/p'\'
lt_cv_sys_max_cmd_len=196608
lt_cv_to_host_file_cmd=func_convert_file_noop
lt_cv_to_tool_file_cmd=func_convert_file_noop
pkg_cv_GLib2_CFLAGS='-I/usr/local/include/glib-2.0 -I/usr/local/lib/glib-2.0/include -I/usr/local/include'
pkg_cv_GLib2_LIBS='-L/usr/local/lib -lglib-2.0 -lintl'
pkg_cv_Imlib2_CFLAGS='-I/usr/local/include -I/usr/X11R6/include/freetype2 -I/usr/X11R6/include'
pkg_cv_Imlib2_LIBS='-L/usr/local/lib -L/usr/X11R6/lib -lImlib2 -lfreetype -lz -lX11 -lXext -lm'
pkg_cv_LUA_CFLAGS=-I/usr/local/include/lua-5.1
pkg_cv_LUA_LIBS='-L/usr/local/lib -llua5.1 -lm'
pkg_cv_X11_CFLAGS=-I/usr/X11R6/include
pkg_cv_X11_LIBS='-L/usr/X11R6/lib -lX11'
pkg_cv_XDamage_CFLAGS=-I/usr/X11R6/include
pkg_cv_XDamage_LIBS='-L/usr/X11R6/lib -lXdamage -lXfixes'
pkg_cv_Xext_CFLAGS=-I/usr/X11R6/include
pkg_cv_Xext_LIBS='-L/usr/X11R6/lib -lXext'
pkg_cv_Xft_CFLAGS='-I/usr/X11R6/include -I/usr/X11R6/include/freetype2 -I/usr/include'
pkg_cv_Xft_LIBS='-L/usr/X11R6/lib -lXft'
pkg_cv_cairo_CFLAGS='-I/usr/local/include/cairo -I/usr/local/include/glib-2.0 -I/usr/local/lib/glib-2.0/include -I/usr/local/include -I/usr/X11R6/include/pixman-1 -I/usr/X11R6/include -I/usr/X11R6/include/freetype2 -I/usr/include -I/usr/local/include/libpng16'
pkg_cv_cairo_LIBS='-L/usr/local/lib -Wl,-rpath-link,/usr/X11R6/lib -lcairo'
pkg_cv_cairo_xlib_CFLAGS='-I/usr/local/include/cairo -I/usr/local/include/glib-2.0 -I/usr/local/lib/glib-2.0/include -I/usr/local/include -I/usr/X11R6/include/pixman-1 -I/usr/X11R6/include -I/usr/X11R6/include/freetype2 -I/usr/include -I/usr/local/include/libpng16'
pkg_cv_cairo_xlib_LIBS='-L/usr/local/lib -Wl,-rpath-link,/usr/X11R6/lib -L/usr/X11R6/lib -lcairo -lX11 -lXext'
pkg_cv_libcurl_CFLAGS=-I/usr/local/include
pkg_cv_libcurl_LIBS='-L/usr/local/lib -lcurl'
pkg_cv_libxml2_CFLAGS='-I/usr/local/include/libxml2 -I/usr/local/include'
pkg_cv_libxml2_LIBS='-L/usr/local/lib -lxml2'

## ----------------- ##
## Output variables. ##
## ----------------- ##

ACLOCAL='${SHELL} /home/acheng/fluxbsd/conky-1.9.0/missing --run aclocal-1.9'
AMDEPBACKSLASH='\'
AMDEP_FALSE='#'
AMDEP_TRUE=''
AMTAR='${SHELL} /home/acheng/fluxbsd/conky-1.9.0/missing --run tar'
AR='ar'
AUTOCONF='${SHELL} /home/acheng/fluxbsd/conky-1.9.0/missing --run autoconf'
AUTOHEADER='${SHELL} /home/acheng/fluxbsd/conky-1.9.0/missing --run autoheader'
AUTOMAKE='${SHELL} /home/acheng/fluxbsd/conky-1.9.0/missing --run automake-1.9'
AWK='awk'
Audacious_CFLAGS=''
Audacious_LIBS=''
BMPx_CFLAGS=''
BMPx_LIBS=''
BUILD_APCUPSD_FALSE=''
BUILD_APCUPSD_TRUE='#'
BUILD_ARCH='OpenBSD 5.9 (amd64)'
BUILD_AUDACIOUS_FALSE=''
BUILD_AUDACIOUS_TRUE='#'
BUILD_BMPX_FALSE=''
BUILD_BMPX_TRUE='#'
BUILD_CONFIG_OUTPUT_FALSE=''
BUILD_CONFIG_OUTPUT_TRUE='#'
BUILD_CURL_FALSE='#'
BUILD_CURL_TRUE=''
BUILD_DATE='Mon Mar 28 04:24:15 CST 2016'
BUILD_EVE_FALSE=''
BUILD_EVE_TRUE='#'
BUILD_FREEBSD_FALSE=''
BUILD_FREEBSD_TRUE='#'
BUILD_HDDTEMP_FALSE='#'
BUILD_HDDTEMP_TRUE=''
BUILD_IBM_FALSE=''
BUILD_IBM_TRUE='#'
BUILD_ICONV_FALSE=''
BUILD_ICONV_TRUE='#'
BUILD_IMLIB2_FALSE='#'
BUILD_IMLIB2_TRUE=''
BUILD_LINUX_FALSE=''
BUILD_LINUX_TRUE='#'
BUILD_LUA_CAIRO_FALSE='#'
BUILD_LUA_CAIRO_TRUE=''
BUILD_LUA_FALSE='#'
BUILD_LUA_IMLIB2_FALSE='#'
BUILD_LUA_IMLIB2_TRUE=''
BUILD_LUA_TRUE=''
BUILD_MATH_FALSE='#'
BUILD_MATH_TRUE=''
BUILD_MOC_FALSE=''
BUILD_MOC_TRUE='#'
BUILD_MPD_FALSE='#'
BUILD_MPD_TRUE=''
BUILD_NCURSES_FALSE='#'
BUILD_NCURSES_TRUE=''
BUILD_NVIDIA_FALSE=''
BUILD_NVIDIA_TRUE='#'
BUILD_OPENBSD_FALSE='#'
BUILD_OPENBSD_TRUE=''
BUILD_PORT_MONITORS_FALSE=''
BUILD_PORT_MONITORS_TRUE='#'
BUILD_RSS_FALSE='#'
BUILD_RSS_TRUE=''
BUILD_WEATHER_FALSE=''
BUILD_WEATHER_TRUE='#'
BUILD_WLAN_FALSE=''
BUILD_WLAN_TRUE='#'
BUILD_X11_FALSE='#'
BUILD_X11_TRUE=''
BUILD_XMMS2_FALSE=''
BUILD_XMMS2_TRUE='#'
BUILD_XOAP_FALSE=''
BUILD_XOAP_TRUE='#'
CC='gcc'
CCDEPMODE='depmode=gcc3'
CFLAGS=''
CPP='gcc -E'
CPPFLAGS='-I/usr/local/include'
CYGPATH_W='echo'
DEFS='-DHAVE_CONFIG_H'
DEPDIR='.deps'
DLLTOOL='false'
DSYMUTIL=''
DUMPBIN=''
ECHO_C=''ECHO_N=''
ECHO_T=''
EGREP='grep -E'
EXEEXT=''
FGREP='grep -F'
GLib2_CFLAGS='-I/usr/local/include/glib-2.0 -I/usr/local/lib/glib-2.0/include -I/usr/local/include'
GLib2_LIBS='-L/usr/local/lib -lglib-2.0 -lintl'
GREP='grep'
HAVE_DOCSTUFF_FALSE='#'
HAVE_DOCSTUFF_TRUE=''
HAVE_PKGCONFIG='yes'
INSTALL_DATA='${INSTALL} -m 644'
INSTALL_PROGRAM='${INSTALL}'
INSTALL_SCRIPT='${INSTALL}'
INSTALL_STRIP_PROGRAM='${SHELL} $(install_sh) -c -s'
Imlib2_CFLAGS='-I/usr/local/include -I/usr/X11R6/include/freetype2 -I/usr/X11R6/include'
Imlib2_LIBS='-L/usr/local/lib -L/usr/X11R6/lib -lImlib2 -lfreetype -lz -lX11 -lXext -lm'
LD='/usr/bin/ld'
LDFLAGS='-L/usr/local/lib'
LIBOBJS=''
LIBS='-ltolua++ '
LIBTOOL='$(SHELL) $(top_builddir)/libtool'
LIPO=''
LN_S='ln -s'
LTLIBOBJS=''
LUA51_CFLAGS=''
LUA51_LIBS=''
LUA_CFLAGS='-I/usr/local/include/lua-5.1'
LUA_LIBS='-L/usr/local/lib -llua5.1 -lm'
MAKEINFO='${SHELL} /home/acheng/fluxbsd/conky-1.9.0/missing --run makeinfo'
MANIFEST_TOOL=':'
NM='/usr/bin/nm -B'
NMEDIT=''
OBJDUMP='objdump'
OBJEXT='o'
OTOOL64=''
OTOOL=''
PACKAGE='conky'
PACKAGE_BUGREPORT='brenden1@users.sourceforge.net'
PACKAGE_NAME='Conky'
PACKAGE_STRING='Conky 1.9.0'
PACKAGE_TARNAME='conky'
PACKAGE_VERSION='1.9.0'
PATH_SEPARATOR=':'
PKG_CONFIG='/usr/bin/pkg-config'
RANLIB='ranlib'
SED='/usr/local/bin/gsed'
SET_MAKE=''
SHELL='/bin/sh'
STRIP='strip'
VERSION='1.9.0'
X11_CFLAGS='-I/usr/X11R6/include'
X11_LIBS='-L/usr/X11R6/lib -lX11'
XDamage_CFLAGS='-I/usr/X11R6/include'
XDamage_LIBS='-L/usr/X11R6/lib -lXdamage -lXfixes'
XMMS2_CFLAGS=''
XMMS2_LIBS=''
X_CFLAGS=''
X_EXTRA_LIBS=''
X_LIBS=''
X_PRE_LIBS=''
Xext_CFLAGS='-I/usr/X11R6/include'
Xext_LIBS='-L/usr/X11R6/lib -lXext'
Xft_CFLAGS='-I/usr/X11R6/include -I/usr/X11R6/include/freetype2 -I/usr/include'
Xft_LIBS='-L/usr/X11R6/lib -lXft'
ac_ct_AR='ar'
ac_ct_CC='gcc'
ac_ct_DLLTOOL='false'
ac_ct_DSYMUTIL=''
ac_ct_DUMPBIN=''
ac_ct_LIPO=''
ac_ct_MANIFEST_TOOL='mt'
ac_ct_NMEDIT=''
ac_ct_OBJDUMP='objdump'
ac_ct_OTOOL64=''
ac_ct_OTOOL=''
ac_ct_RANLIB='ranlib'
ac_ct_STRIP='strip'
ac_pt_PKG_CONFIG='/usr/bin/pkg-config'
am__fastdepCC_FALSE='#'
am__fastdepCC_TRUE=''
am__include='include'
am__leading_dot='.'
am__quote=''
am__tar='${AMTAR} chof - "$$tardir"'
am__untar='${AMTAR} xf -'
bindir='${exec_prefix}/bin'
build='x86_64-unknown-openbsd5.9'
build_alias=''
build_cpu='x86_64'
build_os='openbsd5.9'
build_vendor='unknown'
cairo_CFLAGS='-I/usr/local/include/cairo -I/usr/local/include/glib-2.0 -I/usr/local/lib/glib-2.0/include -I/usr/local/include -I/usr/X11R6/include/pixman-1 -I/usr/X11R6/include -I/usr/X11R6/include/freetype2 -I/usr/include -I/usr/local/include/libpng16'
cairo_LIBS='-L/usr/local/lib -Wl,-rpath-link,/usr/X11R6/lib -lcairo'
cairo_xlib_CFLAGS='-I/usr/local/include/cairo -I/usr/local/include/glib-2.0 -I/usr/local/lib/glib-2.0/include -I/usr/local/include -I/usr/X11R6/include/pixman-1 -I/usr/X11R6/include -I/usr/X11R6/include/freetype2 -I/usr/include -I/usr/local/include/libpng16'
cairo_xlib_LIBS='-L/usr/local/lib -Wl,-rpath-link,/usr/X11R6/lib -L/usr/X11R6/lib -lcairo -lX11 -lXext'
conky_CFLAGS=' -I/usr/X11R6/include -I/usr/local/include -I/usr/X11R6/include/freetype2 -I/usr/X11R6/include -I/usr/local/include/lua-5.1  -I/usr/X11R6/include -I/usr/X11R6/include -I/usr/X11R6/include -I/usr/X11R6/include/freetype2 -I/usr/include -I/usr/local/include/glib-2.0 -I/usr/local/lib/glib-2.0/include -I/usr/local/include -I/usr/local/include -I/usr/local/include/libxml2 -I/usr/local/include -Wall -W'
conky_LIBS=' -lncurses -lm -L/usr/X11R6/lib -lX11 -L/usr/local/lib -L/usr/X11R6/lib -lImlib2 -lfreetype -lz -lX11 -lXext -lm -L/usr/local/lib -llua5.1 -lm  -ltolua++  -L/usr/X11R6/lib -lXext -L/usr/X11R6/lib -lXdamage -lXfixes -L/usr/X11R6/lib -lXft -L/usr/local/lib -lglib-2.0 -lintl -L/usr/local/lib -lcurl -L/usr/local/lib -lxml2 -lkvm -lossaudio -ltolua++ '
datadir='${prefix}/share'
db2x_manxml_cmd='db2x_manxml'
db2x_xsltproc_cmd='db2x_xsltproc'
exec_prefix='${prefix}'
host='x86_64-unknown-openbsd5.9'
host_alias=''
host_cpu='x86_64'
host_os='openbsd5.9'
host_vendor='unknown'
includedir='${prefix}/include'
infodir='${prefix}/info'
install_sh='/home/acheng/fluxbsd/conky-1.9.0/install-sh'
libcurl_CFLAGS='-I/usr/local/include'
libcurl_LIBS='-L/usr/local/lib -lcurl'
libdir='${exec_prefix}/lib'
libexecdir='${exec_prefix}/libexec'
libxml2_CFLAGS='-I/usr/local/include/libxml2 -I/usr/local/include'
libxml2_LIBS='-L/usr/local/lib -lxml2'
localstatedir='${prefix}/var'
mandir='${prefix}/man'
mkdir_p='$(SHELL) $(install_sh) -d'
oldincludedir='/usr/include'
prefix='/usr/local'
program_transform_name='s,x,x,'
sbindir='${exec_prefix}/sbin'
sharedstatedir='${prefix}/com'
sysconfdir='${prefix}/etc'
target_alias=''
tolua_CFLAGS=' -I/usr/local/include/lua-5.1 '
tolua_LIBS='-ltolua++  -L/usr/local/lib -llua5.1 -lm '
toluapp='tolua++'
xsltproc_cmd='xsltproc'

## ----------- ##
## confdefs.h. ##
## ----------- ##

#define CONFIG_FILE "$HOME/.conkyrc"
#define DEFAULTNETDEV "eth0"
#define DEFAULT_TEXT_BUFFER_SIZE 256
#define HAVE_ASSERT_H 1
#define HAVE_CALLOC 1
#define HAVE_CLOCK_GETTIME 1
#define HAVE_CURL 1
#define HAVE_DIRENT_H 1
#define HAVE_DLFCN_H 1
#define HAVE_ERRNO_H 1
#define HAVE_FREE 1
#define HAVE_GETLOADAVG 1
#define HAVE_INTTYPES_H 1
#define HAVE_LUA 1
#define HAVE_LUA_CAIRO 1
#define HAVE_LUA_IMLIB2 1
#define HAVE_MALLOC 1
#define HAVE_MEMORY_H 1
#define HAVE_MEMRCHR 1
#define HAVE_NCURSES_H 1
#define HAVE_POPEN 1
#define HAVE_PTHREAD_H 1
#define HAVE_SEMAPHORE_H 1
#define HAVE_SIGNAL_H 1
#define HAVE_STDINT_H 1
#define HAVE_STDLIB_H 1
#define HAVE_STRINGS_H 1
#define HAVE_STRING_H 1
#define HAVE_STRNDUP 1
#define HAVE_SYS_MOUNT_H 1
#define HAVE_SYS_PARAM_H 1
#define HAVE_SYS_STAT_H 1
#define HAVE_SYS_STAT_H 1
#define HAVE_SYS_TYPES_H 1
#define HAVE_SYS_UTSNAME_H 1
#define HAVE_TIME_H 1
#define HAVE_UNISTD_H 1
#define HAVE_UNISTD_H 1
#define HAVE_XDAMAGE 1
#define HAVE_XDBE 1
#define IMLIB2 1
#define LT_OBJDIR ".libs/"
#define LUA_EXTRAS 1
#define MATH 1
#define MAX_NET_INTERFACES 64
#define MAX_SPECIALS_DEFAULT 512
#define MAX_USER_TEXT_DEFAULT 16384
#define MPD 1
#define NCURSES 1
#define OWN_WINDOW 1
#define PACKAGE "conky"
#define PACKAGE_BUGREPORT "brenden1@users.sourceforge.net"
#define PACKAGE_NAME "Conky"
#define PACKAGE_STRING "Conky 1.9.0"
#define PACKAGE_TARNAME "conky"
#define PACKAGE_VERSION "1.9.0"
#define RSS 1
#define STDC_HEADERS 1
#define USE_ARGB 1
#define VERSION "1.9.0"
#define X11 1
#define XFT 1
#define _GNU_SOURCE

configure: exit 0

## ---------------------- ##
## Running config.status. ##
## ---------------------- ##

This file was extended by Conky config.status 1.9.0, which was
generated by GNU Autoconf 2.59.  Invocation command line was

  CONFIG_FILES    = 
  CONFIG_HEADERS  = 
  CONFIG_LINKS    = 
  CONFIG_COMMANDS = 
  $ ./config.status 

on vanilla.kdump.me

config.status:1032: creating Makefile
config.status:1032: creating data/Makefile
config.status:1032: creating doc/Makefile
config.status:1032: creating src/Makefile
config.status:1032: creating src/build.h
config.status:1032: creating lua/Makefile
config.status:1136: creating src/config.h
config.status:1352: src/config.h is unchanged
config.status:1532: executing depfiles commands
config.status:1532: executing libtool commands

## ---------------------- ##
## Running config.status. ##
## ---------------------- ##

This file was extended by Conky config.status 1.9.0, which was
generated by GNU Autoconf 2.59.  Invocation command line was

  CONFIG_FILES    = 
  CONFIG_HEADERS  = 
  CONFIG_LINKS    = 
  CONFIG_COMMANDS = 
  $ ./config.status src/config.h

on vanilla.kdump.me

config.status:1136: creating src/config.h
config.status:1352: src/config.h is unchanged
