This file contains any messages produced by compilers while
running configure, to aid debugging if configure makes a mistake.

It was created by Conky configure 1.9.1_preNONE, which was
generated by GNU Autoconf 2.59.  Invocation command line was

  $ ./configure 

## --------- ##
## Platform. ##
## --------- ##

hostname = vanilla.kdump.me
uname -m = amd64
uname -r = 5.8
uname -s = OpenBSD
uname -v = GENERIC#1041

/usr/bin/uname -p = amd64
/bin/uname -X     = unknown

/bin/arch              = unknown
/usr/bin/arch -k       = OpenBSD.amd64
/usr/convex/getsysinfo = unknown
hostinfo               = unknown
/bin/machine           = unknown
/usr/bin/oslevel       = unknown
/bin/universe          = unknown

PATH: /home/acheng/bin
PATH: /bin
PATH: /sbin
PATH: /usr/bin
PATH: /usr/sbin
PATH: /usr/X11R6/bin
PATH: /usr/local/bin
PATH: /usr/local/sbin
PATH: /usr/games
PATH: .


## ----------- ##
## Core tests. ##
## ----------- ##

configure:1614: checking for a BSD-compatible install
configure:1669: result: /usr/bin/install -c
configure:1743: checking for gawk
configure:1772: result: no
configure:1743: checking for mawk
configure:1772: result: no
configure:1743: checking for nawk
configure:1772: result: no
configure:1743: checking for awk
configure:1759: found /usr/bin/awk
configure:1769: result: awk
configure:1779: checking whether make sets $(MAKE)
configure:1799: result: yes
configure:2039: checking for gcc
configure:2055: found /usr/bin/gcc
configure:2065: result: gcc
configure:2309: checking for C compiler version
configure:2312: gcc --version </dev/null >&5
gcc (GCC) 4.2.1 20070719 
Copyright (C) 2007 Free Software Foundation, Inc.
This is free software; see the source for copying conditions.  There is NO
warranty; not even for MERCHANTABILITY or FITNESS FOR A PARTICULAR PURPOSE.

configure:2315: $? = 0
configure:2317: gcc -v </dev/null >&5
Reading specs from /usr/lib/gcc-lib/amd64-unknown-openbsd5.8/4.2.1/specs
Target: amd64-unknown-openbsd5.8
Configured with: OpenBSD/amd64 system compiler
Thread model: posix
gcc version 4.2.1 20070719 
configure:2320: $? = 0
configure:2322: gcc -V </dev/null >&5
gcc: '-V' option must have argument
configure:2325: $? = 1
configure:2348: checking for C compiler default output file name
configure:2351: gcc    conftest.c  >&5
configure:2354: $? = 0
configure:2400: result: a.out
configure:2405: checking whether the C compiler works
configure:2411: ./a.out
configure:2414: $? = 0
configure:2431: result: yes
configure:2438: checking whether we are cross compiling
configure:2440: result: no
configure:2443: checking for suffix of executables
configure:2445: gcc -o conftest    conftest.c  >&5
configure:2448: $? = 0
configure:2473: result: 
configure:2479: checking for suffix of object files
configure:2500: gcc -c   conftest.c >&5
configure:2503: $? = 0
configure:2525: result: o
configure:2529: checking whether we are using the GNU C compiler
configure:2553: gcc -c   conftest.c >&5
configure:2559: $? = 0
configure:2563: test -z 
			 || test ! -s conftest.err
configure:2566: $? = 0
configure:2569: test -s conftest.o
configure:2572: $? = 0
configure:2585: result: yes
configure:2591: checking whether gcc accepts -g
configure:2612: gcc -c -g  conftest.c >&5
configure:2618: $? = 0
configure:2622: test -z 
			 || test ! -s conftest.err
configure:2625: $? = 0
configure:2628: test -s conftest.o
configure:2631: $? = 0
configure:2642: result: yes
configure:2659: checking for gcc option to accept ANSI C
configure:2729: gcc  -c   conftest.c >&5
configure:2735: $? = 0
configure:2739: test -z 
			 || test ! -s conftest.err
configure:2742: $? = 0
configure:2745: test -s conftest.o
configure:2748: $? = 0
configure:2766: result: none needed
configure:2784: gcc -c   conftest.c >&5
conftest.c:2: error: expected '=', ',', ';', 'asm' or '__attribute__' before 'me'
configure:2790: $? = 1
configure: failed program was:
| #ifndef __cplusplus
|   choke me
| #endif
configure:2934: checking for style of include used by make
configure:2962: result: GNU
configure:2990: checking dependency style of gcc
configure:3080: result: gcc3
configure:3103: checking build system type
configure:3121: result: x86_64-unknown-openbsd5.8
configure:3129: checking host system type
configure:3143: result: x86_64-unknown-openbsd5.8
configure:3151: checking for a sed that does not truncate output
configure:3207: result: /usr/bin/sed
configure:3223: checking for egrep
configure:3233: result: grep -E
configure:3238: checking for fgrep
configure:3248: result: grep -F
configure:3275: checking how to print strings
configure:3304: result: print -r
configure:3335: checking for ld used by gcc
configure:3402: result: /usr/bin/ld
configure:3411: checking if the linker (/usr/bin/ld) is GNU ld
configure:3426: result: yes
configure:3451: checking for a BSD-compatible install
configure:3506: result: /usr/bin/install -c
configure:3559: checking for BSD- or MS-compatible name lister (nm)
configure:3608: result: /usr/bin/nm -B
configure:3725: checking the name lister (/usr/bin/nm -B) interface
configure:3732: gcc -c   conftest.c >&5
configure:3735: /usr/bin/nm -B "conftest.o"
configure:3738: output
00000000 F conftest.c
00000000 D some_variable
configure:3745: result: BSD nm
configure:3748: checking whether ln -s works
configure:3752: result: yes
configure:3760: checking the maximum length of command line arguments
configure:3890: result: 196608
configure:3907: checking whether the shell understands some XSI constructs
configure:3917: result: yes
configure:3921: checking whether the shell understands "+="
configure:3927: result: no
configure:3962: checking how to convert x86_64-unknown-openbsd5.8 file names to x86_64-unknown-openbsd5.8 format
configure:4002: result: func_convert_file_noop
configure:4009: checking how to convert x86_64-unknown-openbsd5.8 file names to toolchain format
configure:4029: result: func_convert_file_noop
configure:4036: checking for /usr/bin/ld option to reload object files
configure:4043: result: -r
configure:4115: checking for objdump
configure:4131: found /usr/bin/objdump
configure:4142: result: objdump
configure:4164: checking how to recognize dependent libraries
configure:4366: result: match_pattern /lib[^/]+(\.so\.[0-9]+\.[0-9]+|\.so|_pic\.a)$
configure:4449: checking for dlltool
configure:4476: result: false
configure:4499: checking how to associate runtime and link libraries
configure:4526: result: print -r --
configure:4585: checking for ar
configure:4601: found /usr/bin/ar
configure:4611: result: ar
configure:4638: checking for archiver @FILE support
configure:4660: gcc -c   conftest.c >&5
configure:4666: $? = 0
configure:4670: test -z 
			 || test ! -s conftest.err
configure:4673: $? = 0
configure:4676: test -s conftest.o
configure:4679: $? = 0
configure:4683: ar cru libconftest.a @conftest.lst >&5
configure:4686: $? = 0
configure:4691: ar cru libconftest.a @conftest.lst >&5
ar: conftest.o: No such file or directory
configure:4694: $? = 1
configure:4710: result: @
configure:4766: checking for strip
configure:4782: found /usr/bin/strip
configure:4793: result: strip
configure:4853: checking for ranlib
configure:4869: found /usr/bin/ranlib
configure:4880: result: ranlib
configure:4972: checking command to parse /usr/bin/nm -B output from gcc object
configure:5092: gcc -c   conftest.c >&5
configure:5095: $? = 0
configure:5099: /usr/bin/nm -B conftest.o \| sed -n -e 's/^.*[ ]\([BCDEGRST][BCDEGRST]*\)[ ][ ]*\([_A-Za-z][_A-Za-z0-9]*\)$/\1 \2 \2/p' | sed '/ __gnu_lto/d' \> conftest.nm
configure:5102: $? = 0
configure:5168: gcc -o conftest    conftest.c conftstm.o >&5
configure:5171: $? = 0
configure:5209: result: ok
configure:5246: checking for sysroot
configure:5278: result: no
configure:5560: checking for mt
configure:5576: found /bin/mt
configure:5587: result: mt
configure:5600: checking if mt is a manifest tool
configure:5606: mt '-?'
mt: unknown option -- ?
usage: mt [-f device] command [count]
configure:5614: result: no
configure:6224: checking how to run the C preprocessor
configure:6259: gcc -E  conftest.c
configure:6265: $? = 0
configure:6297: gcc -E  conftest.c
conftest.c:12:28: error: ac_nonexistent.h: No such file or directory
configure:6303: $? = 1
configure: failed program was:
| /* confdefs.h.  */
| 
| #define PACKAGE_NAME "Conky"
| #define PACKAGE_TARNAME "conky"
| #define PACKAGE_VERSION "1.9.1_preNONE"
| #define PACKAGE_STRING "Conky 1.9.1_preNONE"
| #define PACKAGE_BUGREPORT "brenden1@users.sourceforge.net"
| #define PACKAGE "conky"
| #define VERSION "1.9.1_preNONE"
| #define _GNU_SOURCE
| /* end confdefs.h.  */
| #include <ac_nonexistent.h>
configure:6342: result: gcc -E
configure:6366: gcc -E  conftest.c
configure:6372: $? = 0
configure:6404: gcc -E  conftest.c
conftest.c:12:28: error: ac_nonexistent.h: No such file or directory
configure:6410: $? = 1
configure: failed program was:
| /* confdefs.h.  */
| 
| #define PACKAGE_NAME "Conky"
| #define PACKAGE_TARNAME "conky"
| #define PACKAGE_VERSION "1.9.1_preNONE"
| #define PACKAGE_STRING "Conky 1.9.1_preNONE"
| #define PACKAGE_BUGREPORT "brenden1@users.sourceforge.net"
| #define PACKAGE "conky"
| #define VERSION "1.9.1_preNONE"
| #define _GNU_SOURCE
| /* end confdefs.h.  */
| #include <ac_nonexistent.h>
configure:6454: checking for ANSI C header files
configure:6479: gcc -c   conftest.c >&5
configure:6485: $? = 0
configure:6489: test -z 
			 || test ! -s conftest.err
configure:6492: $? = 0
configure:6495: test -s conftest.o
configure:6498: $? = 0
configure:6587: gcc -o conftest    conftest.c  >&5
conftest.c: In function 'main':
conftest.c:29: warning: incompatible implicit declaration of built-in function 'exit'
configure:6590: $? = 0
configure:6592: ./conftest
configure:6595: $? = 0
configure:6610: result: yes
configure:6634: checking for sys/types.h
configure:6650: gcc -c   conftest.c >&5
configure:6656: $? = 0
configure:6660: test -z 
			 || test ! -s conftest.err
configure:6663: $? = 0
configure:6666: test -s conftest.o
configure:6669: $? = 0
configure:6680: result: yes
configure:6634: checking for sys/stat.h
configure:6650: gcc -c   conftest.c >&5
configure:6656: $? = 0
configure:6660: test -z 
			 || test ! -s conftest.err
configure:6663: $? = 0
configure:6666: test -s conftest.o
configure:6669: $? = 0
configure:6680: result: yes
configure:6634: checking for stdlib.h
configure:6650: gcc -c   conftest.c >&5
configure:6656: $? = 0
configure:6660: test -z 
			 || test ! -s conftest.err
configure:6663: $? = 0
configure:6666: test -s conftest.o
configure:6669: $? = 0
configure:6680: result: yes
configure:6634: checking for string.h
configure:6650: gcc -c   conftest.c >&5
configure:6656: $? = 0
configure:6660: test -z 
			 || test ! -s conftest.err
configure:6663: $? = 0
configure:6666: test -s conftest.o
configure:6669: $? = 0
configure:6680: result: yes
configure:6634: checking for memory.h
configure:6650: gcc -c   conftest.c >&5
configure:6656: $? = 0
configure:6660: test -z 
			 || test ! -s conftest.err
configure:6663: $? = 0
configure:6666: test -s conftest.o
configure:6669: $? = 0
configure:6680: result: yes
configure:6634: checking for strings.h
configure:6650: gcc -c   conftest.c >&5
configure:6656: $? = 0
configure:6660: test -z 
			 || test ! -s conftest.err
configure:6663: $? = 0
configure:6666: test -s conftest.o
configure:6669: $? = 0
configure:6680: result: yes
configure:6634: checking for inttypes.h
configure:6650: gcc -c   conftest.c >&5
configure:6656: $? = 0
configure:6660: test -z 
			 || test ! -s conftest.err
configure:6663: $? = 0
configure:6666: test -s conftest.o
configure:6669: $? = 0
configure:6680: result: yes
configure:6634: checking for stdint.h
configure:6650: gcc -c   conftest.c >&5
configure:6656: $? = 0
configure:6660: test -z 
			 || test ! -s conftest.err
configure:6663: $? = 0
configure:6666: test -s conftest.o
configure:6669: $? = 0
configure:6680: result: yes
configure:6634: checking for unistd.h
configure:6650: gcc -c   conftest.c >&5
configure:6656: $? = 0
configure:6660: test -z 
			 || test ! -s conftest.err
configure:6663: $? = 0
configure:6666: test -s conftest.o
configure:6669: $? = 0
configure:6680: result: yes
configure:6696: checking for dlfcn.h
configure:6712: gcc -c   conftest.c >&5
configure:6718: $? = 0
configure:6722: test -z 
			 || test ! -s conftest.err
configure:6725: $? = 0
configure:6728: test -s conftest.o
configure:6731: $? = 0
configure:6742: result: yes
configure:6948: checking for objdir
configure:6963: result: .libs
configure:7234: checking if gcc supports -fno-rtti -fno-exceptions
configure:7252: gcc -c   -fno-rtti -fno-exceptions conftest.c >&5
cc1: warning: command line option "-fno-rtti" is valid for C++/ObjC++ but not for C
configure:7256: $? = 0
configure:7269: result: no
configure:7596: checking for gcc option to produce PIC
configure:7603: result: -fPIC -DPIC
configure:7611: checking if gcc PIC flag -fPIC -DPIC works
configure:7629: gcc -c   -fPIC -DPIC -DPIC conftest.c >&5
configure:7633: $? = 0
configure:7646: result: yes
configure:7675: checking if gcc static flag -static works
configure:7703: result: yes
configure:7718: checking if gcc supports -c -o file.o
configure:7739: gcc -c   -o out/conftest2.o conftest.c >&5
configure:7743: $? = 0
configure:7765: result: yes
configure:7773: checking if gcc supports -c -o file.o
configure:7820: result: yes
configure:7853: checking whether the gcc linker (/usr/bin/ld) supports shared libraries
configure:9092: result: yes
configure:9129: checking whether -lc should be explicitly linked in
configure:9137: gcc -c   conftest.c >&5
configure:9140: $? = 0
configure:9155: gcc -shared  -fPIC -DPIC -o conftest conftest.o  -v 2\>\&1 \| grep  -lc  \>/dev/null 2\>\&1
configure:9158: $? = 1
configure:9172: result: yes
configure:9332: checking dynamic linker characteristics
configure:10095: result: openbsd5.8 ld.so
configure:10202: checking how to hardcode library paths into programs
configure:10227: result: immediate
configure:11085: checking whether stripping libraries is possible
configure:11090: result: yes
configure:11125: checking if libtool supports shared libraries
configure:11127: result: yes
configure:11130: checking whether to build shared libraries
configure:11151: result: yes
configure:11154: checking whether to build static libraries
configure:11158: result: yes
configure:11197: checking whether gcc and cc understand -c and -o together
configure:11227: gcc -c conftest.c -o conftest.o >&5
configure:11230: $? = 0
configure:11232: gcc -c conftest.c -o conftest.o >&5
configure:11235: $? = 0
configure:11242: cc -c conftest.c >&5
configure:11245: $? = 0
configure:11248: cc -c conftest.c -o conftest.o >&5
configure:11251: $? = 0
configure:11253: cc -c conftest.c -o conftest.o >&5
configure:11256: $? = 0
configure:11274: result: yes
configure:11302: checking for pkg-config
configure:11318: found /usr/bin/pkg-config
configure:11329: result: yes
configure:11389: checking for pkg-config
configure:11407: found /usr/bin/pkg-config
configure:11419: result: /usr/bin/pkg-config
configure:11434: checking pkg-config is at least version 0.19
configure:11437: result: yes
configure:11560: checking for fopencookie
configure:11617: gcc -o conftest    conftest.c  >&5
/tmp//cc4qIiNg.o: In function `main':
conftest.c:(.text+0xe): undefined reference to `fopencookie'
/tmp//cc4qIiNg.o:(.data.rel+0x0): undefined reference to `fopencookie'
collect2: ld returned 1 exit status
configure:11623: $? = 1
configure: failed program was:
| /* confdefs.h.  */
| 
| #define PACKAGE_NAME "Conky"
| #define PACKAGE_TARNAME "conky"
| #define PACKAGE_VERSION "1.9.1_preNONE"
| #define PACKAGE_STRING "Conky 1.9.1_preNONE"
| #define PACKAGE_BUGREPORT "brenden1@users.sourceforge.net"
| #define PACKAGE "conky"
| #define VERSION "1.9.1_preNONE"
| #define _GNU_SOURCE
| #define STDC_HEADERS 1
| #define HAVE_SYS_TYPES_H 1
| #define HAVE_SYS_STAT_H 1
| #define HAVE_STDLIB_H 1
| #define HAVE_STRING_H 1
| #define HAVE_MEMORY_H 1
| #define HAVE_STRINGS_H 1
| #define HAVE_INTTYPES_H 1
| #define HAVE_STDINT_H 1
| #define HAVE_UNISTD_H 1
| #define HAVE_DLFCN_H 1
| #define LT_OBJDIR ".libs/"
| #define CONFIG_OUTPUT 1
| /* end confdefs.h.  */
| /* Define fopencookie to an innocuous variant, in case <limits.h> declares fopencookie.
|    For example, HP-UX 11i <limits.h> declares gettimeofday.  */
| #define fopencookie innocuous_fopencookie
| 
| /* System header to define __stub macros and hopefully few prototypes,
|     which can conflict with char fopencookie (); below.
|     Prefer <limits.h> to <assert.h> if __STDC__ is defined, since
|     <limits.h> exists even on freestanding compilers.  */
| 
| #ifdef __STDC__
| # include <limits.h>
| #else
| # include <assert.h>
| #endif
| 
| #undef fopencookie
| 
| /* Override any gcc2 internal prototype to avoid an error.  */
| #ifdef __cplusplus
| extern "C"
| {
| #endif
| /* We use char because int might match the return type of a gcc2
|    builtin and then its argument prototype would still apply.  */
| char fopencookie ();
| /* The GNU C library defines this for functions which it implements
|     to always fail with ENOSYS.  Some functions are actually named
|     something starting with __ and the normal name is an alias.  */
| #if defined (__stub_fopencookie) || defined (__stub___fopencookie)
| choke me
| #else
| char (*f) () = fopencookie;
| #endif
| #ifdef __cplusplus
| }
| #endif
| 
| int
| main ()
| {
| return f != fopencookie;
|   ;
|   return 0;
| }
configure:11648: result: no
configure:11662: checking for funopen
configure:11719: gcc -o conftest    conftest.c  >&5
configure:11725: $? = 0
configure:11729: test -z 
			 || test ! -s conftest.err
configure:11732: $? = 0
configure:11735: test -s conftest
configure:11738: $? = 0
configure:11750: result: yes
configure:11819: checking ncurses.h usability
configure:11831: gcc -c   conftest.c >&5
configure:11837: $? = 0
configure:11841: test -z 
			 || test ! -s conftest.err
configure:11844: $? = 0
configure:11847: test -s conftest.o
configure:11850: $? = 0
configure:11860: result: yes
configure:11864: checking ncurses.h presence
configure:11874: gcc -E  conftest.c
configure:11880: $? = 0
configure:11900: result: yes
configure:11935: checking for ncurses.h
configure:11942: result: yes
configure:12742: hddtemp not supported on OpenBSD... disabling
configure:12766: apcupsd not supported on OpenBSD... disabling
configure:12800: iostats not supported on OpenBSD... disabling
configure:13208: checking for X11
configure:13216: $PKG_CONFIG --exists --print-errors "x11"
configure:13219: $? = 0
configure:13234: $PKG_CONFIG --exists --print-errors "x11"
configure:13237: $? = 0
configure:13313: result: yes
configure:15013: checking for LUA
configure:15021: $PKG_CONFIG --exists --print-errors "lua == 5.1"
Package lua was not found in the pkg-config search path
configure:15024: $? = 1
configure:15039: $PKG_CONFIG --exists --print-errors "lua == 5.1"
Package lua was not found in the pkg-config search path
configure:15042: $? = 1
Package lua was not found in the pkg-config search path
configure:15070: result: no
configure:15075: checking for LUA51
configure:15083: $PKG_CONFIG --exists --print-errors "lua-5.1 >= 5.1"
Package lua-5.1 was not found in the pkg-config search path
configure:15086: $? = 1
configure:15101: $PKG_CONFIG --exists --print-errors "lua-5.1 >= 5.1"
Package lua-5.1 was not found in the pkg-config search path
configure:15104: $? = 1
Package lua-5.1 was not found in the pkg-config search path
configure:15132: result: no
configure:15137: checking for LUA51
configure:15145: $PKG_CONFIG --exists --print-errors "lua5.1 >= 5.1"
Package lua5.1 was not found in the pkg-config search path
configure:15148: $? = 1
configure:15163: $PKG_CONFIG --exists --print-errors "lua5.1 >= 5.1"
Package lua5.1 was not found in the pkg-config search path
configure:15166: $? = 1
Package lua5.1 was not found in the pkg-config search path
configure:15194: error: Package requirements (lua5.1 >= 5.1) were not met:

Package lua5.1 was not found in the pkg-config search path

Consider adjusting the PKG_CONFIG_PATH environment variable if you
installed software in a non-standard prefix.

Alternatively, you may set the environment variables LUA51_CFLAGS
and LUA51_LIBS to avoid the need to call pkg-config.
See the pkg-config man page for more details.


## ---------------- ##
## Cache variables. ##
## ---------------- ##

ac_cv_build=x86_64-unknown-openbsd5.8
ac_cv_build_alias=amd64-unknown-openbsd5.8
ac_cv_c_compiler_gnu=yes
ac_cv_env_Audacious_CFLAGS_set=
ac_cv_env_Audacious_CFLAGS_value=
ac_cv_env_Audacious_LIBS_set=
ac_cv_env_Audacious_LIBS_value=
ac_cv_env_BMPx_CFLAGS_set=
ac_cv_env_BMPx_CFLAGS_value=
ac_cv_env_BMPx_LIBS_set=
ac_cv_env_BMPx_LIBS_value=
ac_cv_env_CC_set=
ac_cv_env_CC_value=
ac_cv_env_CFLAGS_set=
ac_cv_env_CFLAGS_value=
ac_cv_env_CPPFLAGS_set=
ac_cv_env_CPPFLAGS_value=
ac_cv_env_CPP_set=
ac_cv_env_CPP_value=
ac_cv_env_GLib2_CFLAGS_set=
ac_cv_env_GLib2_CFLAGS_value=
ac_cv_env_GLib2_LIBS_set=
ac_cv_env_GLib2_LIBS_value=
ac_cv_env_Imlib2_CFLAGS_set=
ac_cv_env_Imlib2_CFLAGS_value=
ac_cv_env_Imlib2_LIBS_set=
ac_cv_env_Imlib2_LIBS_value=
ac_cv_env_LDFLAGS_set=
ac_cv_env_LDFLAGS_value=
ac_cv_env_LUA51_CFLAGS_set=
ac_cv_env_LUA51_CFLAGS_value=
ac_cv_env_LUA51_LIBS_set=
ac_cv_env_LUA51_LIBS_value=
ac_cv_env_LUA_CFLAGS_set=
ac_cv_env_LUA_CFLAGS_value=
ac_cv_env_LUA_LIBS_set=
ac_cv_env_LUA_LIBS_value=
ac_cv_env_PKG_CONFIG_set=
ac_cv_env_PKG_CONFIG_value=
ac_cv_env_X11_CFLAGS_set=
ac_cv_env_X11_CFLAGS_value=
ac_cv_env_X11_LIBS_set=
ac_cv_env_X11_LIBS_value=
ac_cv_env_XDamage_CFLAGS_set=
ac_cv_env_XDamage_CFLAGS_value=
ac_cv_env_XDamage_LIBS_set=
ac_cv_env_XDamage_LIBS_value=
ac_cv_env_XMMS2_CFLAGS_set=
ac_cv_env_XMMS2_CFLAGS_value=
ac_cv_env_XMMS2_LIBS_set=
ac_cv_env_XMMS2_LIBS_value=
ac_cv_env_Xext_CFLAGS_set=
ac_cv_env_Xext_CFLAGS_value=
ac_cv_env_Xext_LIBS_set=
ac_cv_env_Xext_LIBS_value=
ac_cv_env_Xft_CFLAGS_set=
ac_cv_env_Xft_CFLAGS_value=
ac_cv_env_Xft_LIBS_set=
ac_cv_env_Xft_LIBS_value=
ac_cv_env_build_alias_set=
ac_cv_env_build_alias_value=
ac_cv_env_cairo_CFLAGS_set=
ac_cv_env_cairo_CFLAGS_value=
ac_cv_env_cairo_LIBS_set=
ac_cv_env_cairo_LIBS_value=
ac_cv_env_cairo_xlib_CFLAGS_set=
ac_cv_env_cairo_xlib_CFLAGS_value=
ac_cv_env_cairo_xlib_LIBS_set=
ac_cv_env_cairo_xlib_LIBS_value=
ac_cv_env_host_alias_set=
ac_cv_env_host_alias_value=
ac_cv_env_libcurl_CFLAGS_set=
ac_cv_env_libcurl_CFLAGS_value=
ac_cv_env_libcurl_LIBS_set=
ac_cv_env_libcurl_LIBS_value=
ac_cv_env_libxml2_CFLAGS_set=
ac_cv_env_libxml2_CFLAGS_value=
ac_cv_env_libxml2_LIBS_set=
ac_cv_env_libxml2_LIBS_value=
ac_cv_env_target_alias_set=
ac_cv_env_target_alias_value=
ac_cv_exeext=
ac_cv_func_fopencookie=no
ac_cv_func_funopen=yes
ac_cv_header_dlfcn_h=yes
ac_cv_header_inttypes_h=yes
ac_cv_header_memory_h=yes
ac_cv_header_ncurses_h=yes
ac_cv_header_stdc=yes
ac_cv_header_stdint_h=yes
ac_cv_header_stdlib_h=yes
ac_cv_header_string_h=yes
ac_cv_header_strings_h=yes
ac_cv_header_sys_stat_h=yes
ac_cv_header_sys_types_h=yes
ac_cv_header_unistd_h=yes
ac_cv_host=x86_64-unknown-openbsd5.8
ac_cv_host_alias=amd64-unknown-openbsd5.8
ac_cv_objext=o
ac_cv_path_ac_pt_PKG_CONFIG=/usr/bin/pkg-config
ac_cv_path_install='/usr/bin/install -c'
ac_cv_prog_AWK=awk
ac_cv_prog_CPP='gcc -E'
ac_cv_prog_HAVE_PKGCONFIG=yes
ac_cv_prog_ac_ct_AR=ar
ac_cv_prog_ac_ct_CC=gcc
ac_cv_prog_ac_ct_DLLTOOL=false
ac_cv_prog_ac_ct_MANIFEST_TOOL=mt
ac_cv_prog_ac_ct_OBJDUMP=objdump
ac_cv_prog_ac_ct_RANLIB=ranlib
ac_cv_prog_ac_ct_STRIP=strip
ac_cv_prog_cc_g=yes
ac_cv_prog_cc_gcc_c_o=yes
ac_cv_prog_cc_stdc=
ac_cv_prog_egrep='grep -E'
ac_cv_prog_fgrep='grep -F'
ac_cv_prog_make_make_set=yes
am_cv_CC_dependencies_compiler_type=gcc3
lt_cv_ar_at_file=@
lt_cv_archive_cmds_need_lc=yes
lt_cv_deplibs_check_method='match_pattern /lib[^/]+(\.so\.[0-9]+\.[0-9]+|\.so|_pic\.a)$'
lt_cv_file_magic_cmd='$MAGIC_CMD'
lt_cv_file_magic_test_file=
lt_cv_ld_reload_flag=-r
lt_cv_nm_interface='BSD nm'
lt_cv_objdir=.libs
lt_cv_path_LD=/usr/bin/ld
lt_cv_path_NM='/usr/bin/nm -B'
lt_cv_path_SED=/usr/bin/sed
lt_cv_path_mainfest_tool=no
lt_cv_prog_compiler_c_o=yes
lt_cv_prog_compiler_pic='-fPIC -DPIC'
lt_cv_prog_compiler_pic_works=yes
lt_cv_prog_compiler_rtti_exceptions=no
lt_cv_prog_compiler_static_works=yes
lt_cv_prog_gnu_ld=yes
lt_cv_sharedlib_from_linklib_cmd='print -r --'
lt_cv_sys_global_symbol_pipe='sed -n -e '\''s/^.*[	 ]\([BCDEGRST][BCDEGRST]*\)[	 ][	 ]*\([_A-Za-z][_A-Za-z0-9]*\)$/\1 \2 \2/p'\'' | sed '\''/ __gnu_lto/d'\'
lt_cv_sys_global_symbol_to_c_name_address='sed -n -e '\''s/^: \([^ ]*\)[ ]*$/  {\"\1\", (void *) 0},/p'\'' -e '\''s/^[BCDEGRST]* \([^ ]*\) \([^ ]*\)$/  {"\2", (void *) \&\2},/p'\'
lt_cv_sys_global_symbol_to_c_name_address_lib_prefix='sed -n -e '\''s/^: \([^ ]*\)[ ]*$/  {\"\1\", (void *) 0},/p'\'' -e '\''s/^[BCDEGRST]* \([^ ]*\) \(lib[^ ]*\)$/  {"\2", (void *) \&\2},/p'\'' -e '\''s/^[BCDEGRST]* \([^ ]*\) \([^ ]*\)$/  {"lib\2", (void *) \&\2},/p'\'
lt_cv_sys_global_symbol_to_cdecl='sed -n -e '\''s/^T .* \(.*\)$/extern int \1();/p'\'' -e '\''s/^[BCDEGRST]* .* \(.*\)$/extern char \1;/p'\'
lt_cv_sys_max_cmd_len=196608
lt_cv_to_host_file_cmd=func_convert_file_noop
lt_cv_to_tool_file_cmd=func_convert_file_noop
pkg_cv_X11_CFLAGS=-I/usr/X11R6/include
pkg_cv_X11_LIBS='-L/usr/X11R6/lib -lX11'

## ----------------- ##
## Output variables. ##
## ----------------- ##

ACLOCAL='${SHELL} /home/acheng/fluxbsd/conky-1.9.1/missing --run aclocal-1.9'
AMDEPBACKSLASH='\'
AMDEP_FALSE='#'
AMDEP_TRUE=''
AMTAR='${SHELL} /home/acheng/fluxbsd/conky-1.9.1/missing --run tar'
AR='ar'
AUTOCONF='${SHELL} /home/acheng/fluxbsd/conky-1.9.1/missing --run autoconf'
AUTOHEADER='${SHELL} /home/acheng/fluxbsd/conky-1.9.1/missing --run autoheader'
AUTOMAKE='${SHELL} /home/acheng/fluxbsd/conky-1.9.1/missing --run automake-1.9'
AWK='awk'
Audacious_CFLAGS=''
Audacious_LIBS=''
BMPx_CFLAGS=''
BMPx_LIBS=''
BUILD_APCUPSD_FALSE=''
BUILD_APCUPSD_TRUE='#'
BUILD_ARCH='OpenBSD 5.8 (amd64)'
BUILD_AUDACIOUS_FALSE=''
BUILD_AUDACIOUS_TRUE='#'
BUILD_BMPX_FALSE=''
BUILD_BMPX_TRUE='#'
BUILD_CONFIG_OUTPUT_FALSE='#'
BUILD_CONFIG_OUTPUT_TRUE=''
BUILD_CURL_FALSE=''
BUILD_CURL_TRUE=''
BUILD_DATE='Sat Jun 27 14:08:15 CST 2015'
BUILD_EVE_FALSE=''
BUILD_EVE_TRUE='#'
BUILD_FREEBSD_FALSE=''
BUILD_FREEBSD_TRUE='#'
BUILD_HDDTEMP_FALSE='#'
BUILD_HDDTEMP_TRUE=''
BUILD_IBM_FALSE=''
BUILD_IBM_TRUE='#'
BUILD_ICONV_FALSE=''
BUILD_ICONV_TRUE=''
BUILD_IMLIB2_FALSE=''
BUILD_IMLIB2_TRUE='#'
BUILD_JACK_FALSE=''
BUILD_JACK_TRUE=''
BUILD_LINUX_FALSE=''
BUILD_LINUX_TRUE='#'
BUILD_LUA_CAIRO_FALSE=''
BUILD_LUA_CAIRO_TRUE=''
BUILD_LUA_FALSE='#'
BUILD_LUA_IMLIB2_FALSE=''
BUILD_LUA_IMLIB2_TRUE=''
BUILD_LUA_TRUE=''
BUILD_MATH_FALSE='#'
BUILD_MATH_TRUE=''
BUILD_MOC_FALSE='#'
BUILD_MOC_TRUE=''
BUILD_MPD_FALSE='#'
BUILD_MPD_TRUE=''
BUILD_NCURSES_FALSE='#'
BUILD_NCURSES_TRUE=''
BUILD_NETBSD_FALSE=''
BUILD_NETBSD_TRUE='#'
BUILD_NVIDIA_FALSE=''
BUILD_NVIDIA_TRUE=''
BUILD_OPENBSD_FALSE='#'
BUILD_OPENBSD_TRUE=''
BUILD_PORT_MONITORS_FALSE=''
BUILD_PORT_MONITORS_TRUE=''
BUILD_RSS_FALSE=''
BUILD_RSS_TRUE='#'
BUILD_WEATHER_FALSE=''
BUILD_WEATHER_TRUE='#'
BUILD_WLAN_FALSE=''
BUILD_WLAN_TRUE=''
BUILD_X11_FALSE='#'
BUILD_X11_TRUE=''
BUILD_XMMS2_FALSE=''
BUILD_XMMS2_TRUE='#'
BUILD_XOAP_FALSE=''
BUILD_XOAP_TRUE='#'
CC='gcc'
CCDEPMODE='depmode=gcc3'
CFLAGS=''
CPP='gcc -E'
CPPFLAGS=''
CYGPATH_W='echo'
DEFS=''
DEPDIR='.deps'
DLLTOOL='false'
DSYMUTIL=''
DUMPBIN=''
ECHO_C=''ECHO_N=''
ECHO_T=''
EGREP='grep -E'
EXEEXT=''
FGREP='grep -F'
GLib2_CFLAGS=''
GLib2_LIBS=''
GREP='grep'
HAVE_DOCSTUFF_FALSE=''
HAVE_DOCSTUFF_TRUE=''
HAVE_PKGCONFIG='yes'
INSTALL_DATA='${INSTALL} -m 644'
INSTALL_PROGRAM='${INSTALL}'
INSTALL_SCRIPT='${INSTALL}'
INSTALL_STRIP_PROGRAM='${SHELL} $(install_sh) -c -s'
Imlib2_CFLAGS=''
Imlib2_LIBS=''
LD='/usr/bin/ld'
LDFLAGS=''
LIBICONV=''
LIBOBJS=''
LIBS=''
LIBTOOL='$(SHELL) $(top_builddir)/libtool'
LIPO=''
LN_S='ln -s'
LTLIBICONV=''
LTLIBOBJS=''
LUA51_CFLAGS=''
LUA51_LIBS=''
LUA_CFLAGS=''
LUA_LIBS=''
MAKEINFO='${SHELL} /home/acheng/fluxbsd/conky-1.9.1/missing --run makeinfo'
MANIFEST_TOOL=':'
NM='/usr/bin/nm -B'
NMEDIT=''
OBJDUMP='objdump'
OBJEXT='o'
OTOOL64=''
OTOOL=''
PACKAGE='conky'
PACKAGE_BUGREPORT='brenden1@users.sourceforge.net'
PACKAGE_NAME='Conky'
PACKAGE_STRING='Conky 1.9.1_preNONE'
PACKAGE_TARNAME='conky'
PACKAGE_VERSION='1.9.1_preNONE'
PATH_SEPARATOR=':'
PKG_CONFIG='/usr/bin/pkg-config'
RANLIB='ranlib'
SED='/usr/bin/sed'
SET_MAKE=''
SHELL='/bin/sh'
STRIP='strip'
VERSION='1.9.1_preNONE'
X11_CFLAGS='-I/usr/X11R6/include'
X11_LIBS='-L/usr/X11R6/lib -lX11'
XDamage_CFLAGS=''
XDamage_LIBS=''
XMMS2_CFLAGS=''
XMMS2_LIBS=''
X_CFLAGS=''
X_EXTRA_LIBS=''
X_LIBS=''
X_PRE_LIBS=''
Xext_CFLAGS=''
Xext_LIBS=''
Xft_CFLAGS=''
Xft_LIBS=''
ac_ct_AR='ar'
ac_ct_CC='gcc'
ac_ct_DLLTOOL='false'
ac_ct_DSYMUTIL=''
ac_ct_DUMPBIN=''
ac_ct_LIPO=''
ac_ct_MANIFEST_TOOL='mt'
ac_ct_NMEDIT=''
ac_ct_OBJDUMP='objdump'
ac_ct_OTOOL64=''
ac_ct_OTOOL=''
ac_ct_RANLIB='ranlib'
ac_ct_STRIP='strip'
ac_pt_PKG_CONFIG='/usr/bin/pkg-config'
am__fastdepCC_FALSE='#'
am__fastdepCC_TRUE=''
am__include='include'
am__leading_dot='.'
am__quote=''
am__tar='${AMTAR} chof - "$$tardir"'
am__untar='${AMTAR} xf -'
bindir='${exec_prefix}/bin'
build='x86_64-unknown-openbsd5.8'
build_alias=''
build_cpu='x86_64'
build_os='openbsd5.8'
build_vendor='unknown'
cairo_CFLAGS=''
cairo_LIBS=''
cairo_xlib_CFLAGS=''
cairo_xlib_LIBS=''
conky_CFLAGS=' -I/usr/X11R6/include'
conky_LIBS=' -lncurses -lm -L/usr/X11R6/lib -lX11'
datadir='${prefix}/share'
db2x_manxml_cmd=''
db2x_xsltproc_cmd=''
exec_prefix='NONE'
host='x86_64-unknown-openbsd5.8'
host_alias=''
host_cpu='x86_64'
host_os='openbsd5.8'
host_vendor='unknown'
includedir='${prefix}/include'
infodir='${prefix}/info'
install_sh='/home/acheng/fluxbsd/conky-1.9.1/install-sh'
libcurl_CFLAGS=''
libcurl_LIBS=''
libdir='${exec_prefix}/lib'
libexecdir='${exec_prefix}/libexec'
libxml2_CFLAGS=''
libxml2_LIBS=''
localstatedir='${prefix}/var'
mandir='${prefix}/man'
mkdir_p='$(SHELL) $(install_sh) -d'
oldincludedir='/usr/include'
prefix='NONE'
program_transform_name='s,x,x,'
sbindir='${exec_prefix}/sbin'
sharedstatedir='${prefix}/com'
sysconfdir='${prefix}/etc'
target_alias=''
tolua_CFLAGS=''
tolua_LIBS=''
toluapp=''
xsltproc_cmd=''

## ----------- ##
## confdefs.h. ##
## ----------- ##

#define CONFIG_OUTPUT 1
#define HAVE_DLFCN_H 1
#define HAVE_FUNOPEN 1
#define HAVE_INTTYPES_H 1
#define HAVE_MEMORY_H 1
#define HAVE_NCURSES_H 1
#define HAVE_STDINT_H 1
#define HAVE_STDLIB_H 1
#define HAVE_STRINGS_H 1
#define HAVE_STRING_H 1
#define HAVE_SYS_STAT_H 1
#define HAVE_SYS_TYPES_H 1
#define HAVE_UNISTD_H 1
#define LT_OBJDIR ".libs/"
#define MATH 1
#define MOC 1
#define MPD 1
#define NCURSES 1
#define OWN_WINDOW 1
#define PACKAGE "conky"
#define PACKAGE_BUGREPORT "brenden1@users.sourceforge.net"
#define PACKAGE_NAME "Conky"
#define PACKAGE_STRING "Conky 1.9.1_preNONE"
#define PACKAGE_TARNAME "conky"
#define PACKAGE_VERSION "1.9.1_preNONE"
#define STDC_HEADERS 1
#define USE_ARGB 1
#define VERSION "1.9.1_preNONE"
#define X11 1
#define _GNU_SOURCE

configure: exit 1
